[    0.000000] Linux version 4.15.0-151-generic (buildd@lgw01-amd64-042) (gcc version 7.5.0 (Ubuntu 7.5.0-3ubuntu1~18.04)) #157-Ubuntu SMP Fri Jul 9 23:07:57 UTC 2021 (Ubuntu 4.15.0-151.157-generic 4.15.18)
[    0.000000] Command line: BOOT_IMAGE=/boot/vmlinuz-4.15.0-151-generic root=LABEL=cloudimg-rootfs ro console=tty1 console=ttyS0
[    0.000000] KERNEL supported cpus:
[    0.000000]   Intel GenuineIntel
[    0.000000]   AMD AuthenticAMD
[    0.000000]   Centaur CentaurHauls
[    0.000000] x86/fpu: Supporting XSAVE feature 0x001: 'x87 floating point registers'
[    0.000000] x86/fpu: Supporting XSAVE feature 0x002: 'SSE registers'
[    0.000000] x86/fpu: Supporting XSAVE feature 0x004: 'AVX registers'
[    0.000000] x86/fpu: xstate_offset[2]:  576, xstate_sizes[2]:  256
[    0.000000] x86/fpu: Enabled xstate features 0x7, context size is 832 bytes, using 'standard' format.
[    0.000000] e820: BIOS-provided physical RAM map:
[    0.000000] BIOS-e820: [mem 0x0000000000000000-0x000000000009fbff] usable
[    0.000000] BIOS-e820: [mem 0x000000000009fc00-0x000000000009ffff] reserved
[    0.000000] BIOS-e820: [mem 0x00000000000f0000-0x00000000000fffff] reserved
[    0.000000] BIOS-e820: [mem 0x0000000000100000-0x000000003ffeffff] usable
[    0.000000] BIOS-e820: [mem 0x000000003fff0000-0x000000003fffffff] ACPI data
[    0.000000] BIOS-e820: [mem 0x00000000fec00000-0x00000000fec00fff] reserved
[    0.000000] BIOS-e820: [mem 0x00000000fee00000-0x00000000fee00fff] reserved
[    0.000000] BIOS-e820: [mem 0x00000000fffc0000-0x00000000ffffffff] reserved
[    0.000000] NX (Execute Disable) protection: active
[    0.000000] SMBIOS 2.5 present.
[    0.000000] DMI: innotek GmbH VirtualBox/VirtualBox, BIOS VirtualBox 12/01/2006
[    0.000000] Hypervisor detected: KVM
[    0.000000] e820: last_pfn = 0x3fff0 max_arch_pfn = 0x400000000
[    0.000000] MTRR: Disabled
[    0.000000] x86/PAT: MTRRs disabled, skipping PAT initialization too.
[    0.000000] CPU MTRRs all blank - virtualized system.
[    0.000000] x86/PAT: Configuration [0-7]: WB  WT  UC- UC  WB  WT  UC- UC  
[    0.000000] found SMP MP-table at [mem 0x0009fff0-0x0009ffff]
[    0.000000] Scanning 1 areas for low memory corruption
[    0.000000] RAMDISK: [mem 0x359d1000-0x36cdffff]
[    0.000000] ACPI: Early table checksum verification disabled
[    0.000000] ACPI: RSDP 0x00000000000E0000 000024 (v02 VBOX  )
[    0.000000] ACPI: XSDT 0x000000003FFF0030 00003C (v01 VBOX   VBOXXSDT 00000001 ASL  00000061)
[    0.000000] ACPI: FACP 0x000000003FFF00F0 0000F4 (v04 VBOX   VBOXFACP 00000001 ASL  00000061)
[    0.000000] ACPI: DSDT 0x000000003FFF0470 002325 (v02 VBOX   VBOXBIOS 00000002 INTL 20190509)
[    0.000000] ACPI: FACS 0x000000003FFF0200 000040
[    0.000000] ACPI: FACS 0x000000003FFF0200 000040
[    0.000000] ACPI: APIC 0x000000003FFF0240 00005C (v02 VBOX   VBOXAPIC 00000001 ASL  00000061)
[    0.000000] ACPI: SSDT 0x000000003FFF02A0 0001CC (v01 VBOX   VBOXCPUT 00000002 INTL 20190509)
[    0.000000] ACPI: Reserving FACP table memory at [mem 0x3fff00f0-0x3fff01e3]
[    0.000000] ACPI: Reserving DSDT table memory at [mem 0x3fff0470-0x3fff2794]
[    0.000000] ACPI: Reserving FACS table memory at [mem 0x3fff0200-0x3fff023f]
[    0.000000] ACPI: Reserving FACS table memory at [mem 0x3fff0200-0x3fff023f]
[    0.000000] ACPI: Reserving APIC table memory at [mem 0x3fff0240-0x3fff029b]
[    0.000000] ACPI: Reserving SSDT table memory at [mem 0x3fff02a0-0x3fff046b]
[    0.000000] No NUMA configuration found
[    0.000000] Faking a node at [mem 0x0000000000000000-0x000000003ffeffff]
[    0.000000] NODE_DATA(0) allocated [mem 0x3ffc5000-0x3ffeffff]
[    0.000000] kvm-clock: cpu 0, msr 0:3ff44001, primary cpu clock
[    0.000000] kvm-clock: Using msrs 4b564d01 and 4b564d00
[    0.000000] kvm-clock: using sched offset of 3261696097 cycles
[    0.000000] clocksource: kvm-clock: mask: 0xffffffffffffffff max_cycles: 0x1cd42e4dffb, max_idle_ns: 881590591483 ns
[    0.000000] Zone ranges:
[    0.000000]   DMA      [mem 0x0000000000001000-0x0000000000ffffff]
[    0.000000]   DMA32    [mem 0x0000000001000000-0x000000003ffeffff]
[    0.000000]   Normal   empty
[    0.000000]   Device   empty
[    0.000000] Movable zone start for each node
[    0.000000] Early memory node ranges
[    0.000000]   node   0: [mem 0x0000000000001000-0x000000000009efff]
[    0.000000]   node   0: [mem 0x0000000000100000-0x000000003ffeffff]
[    0.000000] Reserved but unavailable: 104 pages
[    0.000000] Initmem setup node 0 [mem 0x0000000000001000-0x000000003ffeffff]
[    0.000000] ACPI: PM-Timer IO Port: 0x4008
[    0.000000] IOAPIC[0]: apic_id 2, version 32, address 0xfec00000, GSI 0-23
[    0.000000] ACPI: INT_SRC_OVR (bus 0 bus_irq 0 global_irq 2 dfl dfl)
[    0.000000] ACPI: INT_SRC_OVR (bus 0 bus_irq 9 global_irq 9 low level)
[    0.000000] Using ACPI (MADT) for SMP configuration information
[    0.000000] smpboot: Allowing 2 CPUs, 0 hotplug CPUs
[    0.000000] PM: Registered nosave memory: [mem 0x00000000-0x00000fff]
[    0.000000] PM: Registered nosave memory: [mem 0x0009f000-0x0009ffff]
[    0.000000] PM: Registered nosave memory: [mem 0x000a0000-0x000effff]
[    0.000000] PM: Registered nosave memory: [mem 0x000f0000-0x000fffff]
[    0.000000] e820: [mem 0x40000000-0xfebfffff] available for PCI devices
[    0.000000] Booting paravirtualized kernel on KVM
[    0.000000] clocksource: refined-jiffies: mask: 0xffffffff max_cycles: 0xffffffff, max_idle_ns: 7645519600211568 ns
[    0.000000] random: get_random_bytes called from start_kernel+0x99/0x500 with crng_init=0
[    0.000000] setup_percpu: NR_CPUS:8192 nr_cpumask_bits:2 nr_cpu_ids:2 nr_node_ids:1
[    0.000000] percpu: Embedded 45 pages/cpu s147456 r8192 d28672 u1048576
[    0.000000] PV qspinlock hash table entries: 256 (order: 0, 4096 bytes)
[    0.000000] Built 1 zonelists, mobility grouping on.  Total pages: 257913
[    0.000000] Policy zone: DMA32
[    0.000000] Kernel command line: BOOT_IMAGE=/boot/vmlinuz-4.15.0-151-generic root=LABEL=cloudimg-rootfs ro console=tty1 console=ttyS0
[    0.000000] Memory: 982720K/1048120K available (12300K kernel code, 2483K rwdata, 4320K rodata, 2448K init, 2724K bss, 65400K reserved, 0K cma-reserved)
[    0.000000] SLUB: HWalign=64, Order=0-3, MinObjects=0, CPUs=2, Nodes=1
[    0.000000] Kernel/User page tables isolation: enabled
[    0.000000] ftrace: allocating 39460 entries in 155 pages
[    0.004000] Hierarchical RCU implementation.
[    0.004000] 	RCU restricting CPUs from NR_CPUS=8192 to nr_cpu_ids=2.
[    0.004000] 	Tasks RCU enabled.
[    0.004000] RCU: Adjusting geometry for rcu_fanout_leaf=16, nr_cpu_ids=2
[    0.004000] NR_IRQS: 524544, nr_irqs: 440, preallocated irqs: 16
[    0.004000] Console: colour VGA+ 80x25
[    0.004000] console [tty1] enabled
[    0.004000] console [ttyS0] enabled
[    0.004000] ACPI: Core revision 20170831
[    0.004000] ACPI: 2 ACPI AML tables successfully acquired and loaded
[    0.004000] APIC: Switch to symmetric I/O mode setup
[    0.004000] x2apic enabled
[    0.004000] Switched APIC routing to physical x2apic.
[    0.004000] ..TIMER: vector=0x30 apic1=0 pin1=2 apic2=-1 pin2=-1
[    0.004000] tsc: Detected 1190.400 MHz processor
[    0.004012] Calibrating delay loop (skipped) preset value.. 2380.80 BogoMIPS (lpj=4761600)
[    0.005115] pid_max: default: 32768 minimum: 301
[    0.005749] Security Framework initialized
[    0.006276] Yama: becoming mindful.
[    0.006753] AppArmor: AppArmor initialized
[    0.008015] Dentry cache hash table entries: 131072 (order: 8, 1048576 bytes)
[    0.008975] Inode-cache hash table entries: 65536 (order: 7, 524288 bytes)
[    0.009811] Mount-cache hash table entries: 2048 (order: 2, 16384 bytes)
[    0.010620] Mountpoint-cache hash table entries: 2048 (order: 2, 16384 bytes)
[    0.012254] Last level iTLB entries: 4KB 0, 2MB 0, 4MB 0
[    0.012936] Last level dTLB entries: 4KB 0, 2MB 0, 4MB 0, 1GB 0
[    0.013657] Spectre V1 : Mitigation: usercopy/swapgs barriers and __user pointer sanitization
[    0.014705] Spectre V2 : Mitigation: Full generic retpoline
[    0.015396] Spectre V2 : Spectre v2 / SpectreRSB mitigation: Filling RSB on context switch
[    0.016003] Speculative Store Bypass: Vulnerable
[    0.016633] MDS: Mitigation: Clear CPU buffers
[    0.017367] Freeing SMP alternatives memory: 36K
[    0.128432] smpboot: CPU0: Intel(R) Core(TM) i5-1035G1 CPU @ 1.00GHz (family: 0x6, model: 0x7e, stepping: 0x5)
[    0.130230] Performance Events: unsupported p6 CPU model 126 no PMU driver, software events only.
[    0.131395] Hierarchical SRCU implementation.
[    0.132148] NMI watchdog: Perf event create on CPU 0 failed with -2
[    0.132991] NMI watchdog: Perf NMI watchdog permanently disabled
[    0.133843] smp: Bringing up secondary CPUs ...
[    0.134656] x86: Booting SMP configuration:
[    0.135217] .... node  #0, CPUs:      #1
[    0.004000] kvm-clock: cpu 1, msr 0:3ff44041, secondary cpu clock
[    0.138882] smp: Brought up 1 node, 2 CPUs
[    0.138882] smpboot: Max logical packages: 1
[    0.140005] smpboot: Total of 2 processors activated (4761.60 BogoMIPS)
[    0.140954] devtmpfs: initialized
[    0.140954] x86/mm: Memory block size: 128MB
[    0.141200] evm: security.selinux
[    0.141683] evm: security.SMACK64
[    0.142136] evm: security.SMACK64EXEC
[    0.144007] evm: security.SMACK64TRANSMUTE
[    0.144766] evm: security.SMACK64MMAP
[    0.145466] evm: security.apparmor
[    0.146084] evm: security.ima
[    0.147508] evm: security.capability
[    0.148075] clocksource: jiffies: mask: 0xffffffff max_cycles: 0xffffffff, max_idle_ns: 7645041785100000 ns
[    0.149254] futex hash table entries: 512 (order: 3, 32768 bytes)
[    0.150064] pinctrl core: initialized pinctrl subsystem
[    0.151344] RTC time: 14:22:46, date: 08/07/21
[    0.152144] NET: Registered protocol family 16
[    0.152897] audit: initializing netlink subsys (disabled)
[    0.153632] audit: type=2000 audit(1628346171.294:1): state=initialized audit_enabled=0 res=1
[    0.153632] cpuidle: using governor ladder
[    0.156007] cpuidle: using governor menu
[    0.156583] ACPI: bus type PCI registered
[    0.157125] acpiphp: ACPI Hot Plug PCI Controller Driver version: 0.5
[    0.158021] PCI: Using configuration type 1 for base access
[    0.158754] HugeTLB registered 2.00 MiB page size, pre-allocated 0 pages
[    0.160063] ACPI: Added _OSI(Module Device)
[    0.160622] ACPI: Added _OSI(Processor Device)
[    0.161211] ACPI: Added _OSI(3.0 _SCP Extensions)
[    0.161821] ACPI: Added _OSI(Processor Aggregator Device)
[    0.162506] ACPI: Added _OSI(Linux-Dell-Video)
[    0.163088] ACPI: Added _OSI(Linux-Lenovo-NV-HDMI-Audio)
[    0.164003] ACPI: Added _OSI(Linux-HPI-Hybrid-Graphics)
[    0.164908] ACPI: Executed 1 blocks of module-level executable AML code
[    0.169153] ACPI: Interpreter enabled
[    0.169686] ACPI: (supports S0 S5)
[    0.170144] ACPI: Using IOAPIC for interrupt routing
[    0.170988] PCI: Using host bridge windows from ACPI; if necessary, use "pci=nocrs" and report a bug
[    0.172136] ACPI: Enabled 2 GPEs in block 00 to 07
[    0.177372] ACPI: PCI Root Bridge [PCI0] (domain 0000 [bus 00-ff])
[    0.178192] acpi PNP0A03:00: _OSC: OS supports [ASPM ClockPM Segments MSI]
[    0.179450] acpi PNP0A03:00: _OSC: not requesting OS control; OS requires [ExtendedConfig ASPM ClockPM MSI]
[    0.180023] acpi PNP0A03:00: fail to add MMCONFIG information, can't access extended PCI configuration space under this bridge.
[    0.181753] PCI host bridge to bus 0000:00
[    0.182344] pci_bus 0000:00: root bus resource [io  0x0000-0x0cf7 window]
[    0.184000] pci_bus 0000:00: root bus resource [io  0x0d00-0xffff window]
[    0.184000] pci_bus 0000:00: root bus resource [mem 0x000a0000-0x000bffff window]
[    0.184004] pci_bus 0000:00: root bus resource [mem 0x40000000-0xfdffffff window]
[    0.185460] pci_bus 0000:00: root bus resource [bus 00-ff]
[    0.188072] pci 0000:00:01.1: legacy IDE quirk: reg 0x10: [io  0x01f0-0x01f7]
[    0.188943] pci 0000:00:01.1: legacy IDE quirk: reg 0x14: [io  0x03f6]
[    0.189738] pci 0000:00:01.1: legacy IDE quirk: reg 0x18: [io  0x0170-0x0177]
[    0.190601] pci 0000:00:01.1: legacy IDE quirk: reg 0x1c: [io  0x0376]
[    0.201535] pci 0000:00:07.0: quirk: [io  0x4000-0x403f] claimed by PIIX4 ACPI
[    0.202581] pci 0000:00:07.0: quirk: [io  0x4100-0x410f] claimed by PIIX4 SMB
[    0.210081] ACPI: PCI Interrupt Link [LNKA] (IRQs 5 9 10 *11)
[    0.211154] ACPI: PCI Interrupt Link [LNKB] (IRQs 5 9 *10 11)
[    0.211960] ACPI: PCI Interrupt Link [LNKC] (IRQs 5 *9 10 11)
[    0.212087] ACPI: PCI Interrupt Link [LNKD] (IRQs 5 9 10 *11)
[    0.213153] SCSI subsystem initialized
[    0.213712] pci 0000:00:02.0: vgaarb: setting as boot VGA device
[    0.213712] pci 0000:00:02.0: vgaarb: VGA device added: decodes=io+mem,owns=io+mem,locks=none
[    0.216009] pci 0000:00:02.0: vgaarb: bridge control possible
[    0.216739] vgaarb: loaded
[    0.217107] ACPI: bus type USB registered
[    0.217600] usbcore: registered new interface driver usbfs
[    0.218302] usbcore: registered new interface driver hub
[    0.218981] usbcore: registered new device driver usb
[    0.220058] EDAC MC: Ver: 3.0.0
[    0.220746] PCI: Using ACPI for IRQ routing
[    0.220812] NetLabel: Initializing
[    0.221273] NetLabel:  domain hash size = 128
[    0.221842] NetLabel:  protocols = UNLABELED CIPSOv4 CALIPSO
[    0.222563] NetLabel:  unlabeled traffic allowed by default
[    0.224107] clocksource: Switched to clocksource kvm-clock
[    0.233642] VFS: Disk quotas dquot_6.6.0
[    0.234346] VFS: Dquot-cache hash table entries: 512 (order 0, 4096 bytes)
[    0.235272] AppArmor: AppArmor Filesystem Enabled
[    0.235988] pnp: PnP ACPI init
[    0.237419] pnp: PnP ACPI: found 3 devices
[    0.245040] clocksource: acpi_pm: mask: 0xffffff max_cycles: 0xffffff, max_idle_ns: 2085701024 ns
[    0.246335] NET: Registered protocol family 2
[    0.247051] TCP established hash table entries: 8192 (order: 4, 65536 bytes)
[    0.247969] TCP bind hash table entries: 8192 (order: 5, 131072 bytes)
[    0.249452] TCP: Hash tables configured (established 8192 bind 8192)
[    0.250280] UDP hash table entries: 512 (order: 2, 16384 bytes)
[    0.251010] UDP-Lite hash table entries: 512 (order: 2, 16384 bytes)
[    0.251849] NET: Registered protocol family 1
[    0.252621] pci 0000:00:00.0: Limiting direct PCI/PCI transfers
[    0.253368] pci 0000:00:01.0: Activating ISA DMA hang workarounds
[    0.254150] pci 0000:00:02.0: Video device with shadowed ROM at [mem 0x000c0000-0x000dffff]
[    0.255263] Unpacking initramfs...
[    0.498089] Freeing initrd memory: 19516K
[    0.498830] clocksource: tsc: mask: 0xffffffffffffffff max_cycles: 0x1128af0325d, max_idle_ns: 440795261011 ns
[    0.500104] platform rtc_cmos: registered platform RTC device (no PNP device found)
[    0.501107] Scanning for low memory corruption every 60 seconds
[    0.502509] Initialise system trusted keyrings
[    0.503103] Key type blacklist registered
[    0.503727] workingset: timestamp_bits=36 max_order=18 bucket_order=0
[    0.505398] zbud: loaded
[    0.506265] squashfs: version 4.0 (2009/01/31) Phillip Lougher
[    0.507124] fuse init (API version 7.26)
[    0.508961] Key type asymmetric registered
[    0.509576] Asymmetric key parser 'x509' registered
[    0.510235] Block layer SCSI generic (bsg) driver version 0.4 loaded (major 246)
[    0.511272] io scheduler noop registered
[    0.511800] io scheduler deadline registered
[    0.512605] io scheduler cfq registered (default)
[    0.513794] ACPI: AC Adapter [AC] (on-line)
[    0.514583] input: Power Button as /devices/LNXSYSTM:00/LNXPWRBN:00/input/input0
[    0.515645] ACPI: Power Button [PWRF]
[    0.516244] input: Sleep Button as /devices/LNXSYSTM:00/LNXSLPBN:00/input/input1
[    0.517194] ACPI: Sleep Button [SLPF]
[    0.518479] ACPI: Battery Slot [BAT0] (battery present)
[    0.519335] Serial: 8250/16550 driver, 32 ports, IRQ sharing enabled
[    0.540851] 00:02: ttyS0 at I/O 0x3f8 (irq = 4, base_baud = 115200) is a 16550A
[    0.543627] Linux agpgart interface v0.103
[    0.545253] loop: module loaded
[    0.546110] scsi host0: ata_piix
[    0.546632] scsi host1: ata_piix
[    0.547092] ata1: PATA max UDMA/33 cmd 0x1f0 ctl 0x3f6 bmdma 0xd000 irq 14
[    0.547929] ata2: PATA max UDMA/33 cmd 0x170 ctl 0x376 bmdma 0xd008 irq 15
[    0.548910] libphy: Fixed MDIO Bus: probed
[    0.549452] tun: Universal TUN/TAP device driver, 1.6
[    0.550160] PPP generic driver version 2.4.2
[    0.550803] ehci_hcd: USB 2.0 'Enhanced' Host Controller (EHCI) Driver
[    0.551613] ehci-pci: EHCI PCI platform driver
[    0.552290] ehci-platform: EHCI generic platform driver
[    0.553011] ohci_hcd: USB 1.1 'Open' Host Controller (OHCI) Driver
[    0.553804] ohci-pci: OHCI PCI platform driver
[    0.554390] ohci-platform: OHCI generic platform driver
[    0.555053] uhci_hcd: USB Universal Host Controller Interface driver
[    0.555917] i8042: PNP: PS/2 Controller [PNP0303:PS2K,PNP0f03:PS2M] at 0x60,0x64 irq 1,12
[    0.557386] serio: i8042 KBD port at 0x60,0x64 irq 1
[    0.558045] serio: i8042 AUX port at 0x60,0x64 irq 12
[    0.558822] mousedev: PS/2 mouse device common for all mice
[    0.559919] input: AT Translated Set 2 keyboard as /devices/platform/i8042/serio0/input/input2
[    0.561238] rtc_cmos rtc_cmos: rtc core: registered rtc_cmos as rtc0
[    0.562088] rtc_cmos rtc_cmos: alarms up to one day, 114 bytes nvram
[    0.562882] i2c /dev entries driver
[    0.563390] device-mapper: uevent: version 1.0.3
[    0.564080] device-mapper: ioctl: 4.37.0-ioctl (2017-09-20) initialised: dm-devel@redhat.com
[    0.565195] ledtrig-cpu: registered to indicate activity on CPUs
[    0.566257] NET: Registered protocol family 10
[    0.569659] Segment Routing with IPv6
[    0.570202] NET: Registered protocol family 17
[    0.570882] Key type dns_resolver registered
[    0.571593] mce: Using 0 MCE banks
[    0.572090] RAS: Correctable Errors collector initialized.
[    0.572789] sched_clock: Marking stable (572071737, 0)->(687489477, -115417740)
[    0.574092] registered taskstats version 1
[    0.574649] Loading compiled-in X.509 certificates
[    0.577214] Loaded X.509 cert 'Build time autogenerated kernel key: f57eddc348b36f7d35fd4232c73b07389449520d'
[    0.578971] Loaded X.509 cert 'Canonical Ltd. Live Patch Signing: 14df34d1a87cf37625abec039ef2bf521249b969'
[    0.580714] Loaded X.509 cert 'Canonical Ltd. Kernel Module Signing: 88f752e560a1e0737e31163a466ad7b70a850c19'
[    0.581969] zswap: loaded using pool lzo/zbud
[    0.585232] Key type big_key registered
[    0.585795] Key type trusted registered
[    0.587508] Key type encrypted registered
[    0.588101] AppArmor: AppArmor sha1 policy hashing enabled
[    0.588802] ima: No TPM chip found, activating TPM-bypass! (rc=-19)
[    0.589581] ima: Allocated hash algorithm: sha1
[    0.590180] evm: HMAC attrs: 0x1
[    0.590906]   Magic number: 1:844:383
[    0.591513] rtc_cmos rtc_cmos: setting system clock to 2021-08-07 14:22:46 UTC (1628346166)
[    0.592739] BIOS EDD facility v0.16 2004-Jun-25, 0 devices found
[    0.593481] EDD information not available.
[    0.735838] Freeing unused kernel image memory: 2448K
[    0.748226] Write protecting the kernel read-only data: 20480k
[    0.750654] Freeing unused kernel image memory: 2008K
[    0.752658] Freeing unused kernel image memory: 1824K
[    0.757503] x86/mm: Checked W+X mappings: passed, no W+X pages found.
[    0.758332] x86/mm: Checking user space page tables
[    0.763025] x86/mm: Checked W+X mappings: passed, no W+X pages found.
Loading, please wait...
starting version 237
[    0.813288] e1000: Intel(R) PRO/1000 Network Driver - version 7.3.21-k8-NAPI
[    0.814325] e1000: Copyright (c) 1999-2006 Intel Corporation.
[    0.821469] Fusion MPT base driver 3.04.20
[    0.822167] Copyright (c) 1999-2008 LSI Corporation
[    0.829494] Fusion MPT SPI Host driver 3.04.20
[    0.839088] AVX2 version of gcm_enc/dec engaged.
[    0.840043] AES CTR mode by8 optimization enabled
[    1.058922] input: ImExPS/2 Generic Explorer Mouse as /devices/platform/i8042/serio1/input/input4
[    1.509522] e1000 0000:00:03.0 eth0: (PCI:33MHz:32-bit) 02:2a:e1:ea:70:72
[    1.510577] e1000 0000:00:03.0 eth0: Intel(R) PRO/1000 Network Connection
[    2.625138] e1000 0000:00:08.0 eth1: (PCI:33MHz:32-bit) 08:00:27:49:5b:74
[    2.626229] e1000 0000:00:08.0 eth1: Intel(R) PRO/1000 Network Connection
[    2.628044] e1000 0000:00:03.0 enp0s3: renamed from eth0
[    2.629889] mptbase: ioc0: Initiating bringup
[    2.652528] e1000 0000:00:08.0 enp0s8: renamed from eth1
[    2.732659] ioc0: LSI53C1030 A0: Capabilities={Initiator}
[    2.976167] scsi host2: ioc0: LSI53C1030 A0, FwRev=00000000h, Ports=1, MaxQ=256, IRQ=20
[    3.144342] scsi 2:0:0:0: Direct-Access     VBOX     HARDDISK         1.0  PQ: 0 ANSI: 5
[    3.527234] scsi target2:0:0: Beginning Domain Validation
[    3.531180] scsi target2:0:0: Domain Validation skipping write tests
[    3.533300] scsi target2:0:0: Ending Domain Validation
[    3.534852] scsi target2:0:0: asynchronous
[    3.535639] scsi 2:0:1:0: Direct-Access     VBOX     HARDDISK         1.0  PQ: 0 ANSI: 5
[    3.908035] scsi target2:0:1: Beginning Domain Validation
[    3.913473] random: fast init done
[    3.914950] scsi target2:0:1: Domain Validation skipping write tests
[    3.917190] scsi target2:0:1: Ending Domain Validation
[    3.919050] scsi target2:0:1: asynchronous
[    3.922044] sd 2:0:0:0: Attached scsi generic sg0 type 0
[    3.922085] random: systemd-udevd: uninitialized urandom read (16 bytes read)
[    3.925088] random: systemd-udevd: uninitialized urandom read (16 bytes read)
[    3.928162] random: systemd-udevd: uninitialized urandom read (16 bytes read)
[    3.928187] sd 2:0:1:0: Attached scsi generic sg1 type 0
[    3.929192] sd 2:0:0:0: [sda] 83886080 512-byte logical blocks: (42.9 GB/40.0 GiB)
[    3.930607] sd 2:0:1:0: [sdb] 20480 512-byte logical blocks: (10.5 MB/10.0 MiB)
[    3.932314] sd 2:0:0:0: [sda] Write Protect is off
[    3.933099] sd 2:0:1:0: [sdb] Write Protect is off
[    3.933160] sd 2:0:0:0: [sda] Incomplete mode parameter data
[    3.934844] sd 2:0:0:0: [sda] Assuming drive cache: write through
[    3.934935] sd 2:0:1:0: [sdb] Incomplete mode parameter data
[    3.936741] sd 2:0:1:0: [sdb] Assuming drive cache: write through
[    3.942602]  sda: sda1
[    3.943545] sd 2:0:0:0: [sda] Attached SCSI disk
[    3.943692] sd 2:0:1:0: [sdb] Attached SCSI disk
Begin: Loading essential drivers ... [    5.312061] raid6: sse2x1   gen() 12945 MB/s
[    5.360050] raid6: sse2x1   xor()  8724 MB/s
[    5.408040] raid6: sse2x2   gen() 19101 MB/s
[    5.456047] raid6: sse2x2   xor() 12166 MB/s
[    5.504047] raid6: sse2x4   gen() 19922 MB/s
[    5.552044] raid6: sse2x4   xor() 10698 MB/s
[    5.600045] raid6: avx2x1   gen() 26711 MB/s
[    5.648044] raid6: avx2x1   xor() 17084 MB/s
[    5.696048] raid6: avx2x2   gen() 33612 MB/s
[    5.744042] raid6: avx2x2   xor() 21476 MB/s
[    5.792043] raid6: avx2x4   gen() 33237 MB/s
[    5.840051] raid6: avx2x4   xor() 21444 MB/s
[    5.840751] raid6: using algorithm avx2x2 gen() 33612 MB/s
[    5.841433] raid6: .... xor() 21476 MB/s, rmw enabled
[    5.842067] raid6: using avx2x2 recovery algorithm
[    5.843639] xor: automatically using best checksumming function   avx       
[    5.845427] async_tx: api initialized (async)
done.
Begin: Running /scripts/init-premount ... done.
Begin: Mounting root file system ... Begin: Running /scripts/local-top ... done.
Begin: Running /scripts/local-premount ... [    5.882047] Btrfs loaded, crc32c=crc32c-intel
Scanning for Btrfs filesystems
done.
Warning: fsck not present, so skipping root file system
[    5.901285] EXT4-fs (sda1): mounted filesystem with ordered data mode. Opts: (null)
done.
Begin: Running /scripts/local-bottom ... done.
Begin: Running /scripts/init-bottom ... done.
[    6.072358] ip_tables: (C) 2000-2006 Netfilter Core Team
[    6.079013] systemd[1]: systemd 237 running in system mode. (+PAM +AUDIT +SELINUX +IMA +APPARMOR +SMACK +SYSVINIT +UTMP +LIBCRYPTSETUP +GCRYPT +GNUTLS +ACL +XZ +LZ4 +SECCOMP +BLKID +ELFUTILS +KMOD -IDN2 +IDN -PCRE2 default-hierarchy=hybrid)
[    6.082122] systemd[1]: Detected virtualization oracle.
[    6.082911] systemd[1]: Detected architecture x86-64.

Welcome to [1mUbuntu 18.04.5 LTS[0m!

[    6.087648] systemd[1]: Set hostname to <ubuntu>.
[    6.090277] systemd[1]: Initializing machine ID from random generator.
[    6.091253] systemd[1]: Installed transient /etc/machine-id file.
[    6.283189] systemd[1]: Reached target System Time Synchronized.
[[0;32m  OK  [0m] Reached target System Time Synchronized.
[    6.285122] systemd[1]: Started Forward Password Requests to Wall Directory Watch.
[[0;32m  OK  [0m] Started Forward Password Requests to Wall Directory Watch.
[    6.288377] systemd[1]: Created slice User and Session Slice.
[[0;32m  OK  [0m] Created slice User and Session Slice.
[    6.290194] systemd[1]: Created slice System Slice.
[[0;32m  OK  [0m] Created slice System Slice.
[[0;32m  OK  [0m] Listening on udev Kernel Socket.
[[0;32m  OK  [0m] Listening on LVM2 poll daemon socket.
[[0;32m  OK  [0m] Listening on Journal Audit Socket.
[[0;32m  OK  [0m] Listening on /dev/initctl Compatibility Named Pipe.
[[0;32m  OK  [0m] Created slice system-serial\x2dgetty.slice.
[[0;32m  OK  [0m] Listening on LVM2 metadata daemon socket.
[[0;32m  OK  [0m] Reached target Swap.
[[0;32m  OK  [0m] Listening on Syslog Socket.
[[0;32m  OK  [0m] Reached target Slices.
[[0;32m  OK  [0m] Set up automount Arbitrary Executab…rmats File System Automount Point.
[[0;32m  OK  [0m] Listening on Journal Socket (/dev/log).
[[0;32m  OK  [0m] Listening on Device-mapper event daemon FIFOs.
[[0;32m  OK  [0m] Listening on Journal Socket.
         Starting Journal Service...
         Mounting Huge Pages File System...
         Starting Load Kernel Modules...
         Mounting Kernel Debug File System...
         Starting Monitoring of LVM2 mirrors…ng dmeventd or progress polling...
         Starting Uncomplicated firewall...
         Starting Create list of required st…ce nodes for the current kernel...
[[0;32m  OK  [0m] Listening on Network Service Netlink Socket.
[[0;32m  OK  [0m] Listening on udev Control Socket.
         Starting udev Coldplug all Devices...
[[0;32m  OK  [0m] Listening on fsck to fsckd communication Socket.
         Starting File System Check on Root Device...
         Mounting POSIX Message Queue File System...
[[0;32m  OK  [0m] Reached target User and Group Name Lookups.
         Starting Set the console keyboard layout...
[[0;32m  OK  [0m] Mounted Huge Pages File System.
[[0;32m  OK  [0m] Mounted Kernel Debug File System.
[[0;32m  OK  [0m] Mounted POSIX Message Queue File System.
[    6.343901] Loading iSCSI transport class v2.0-870.
[    6.349667] iscsi: registered transport (tcp)
[[0;32m  OK  [0m] Started Journal Service.
[    6.364131] iscsi: registered transport (iser)
[[0;32m  OK  [0m] Started Load Kernel Modules.
         Mounting FUSE Control File System...
         Mounting Kernel Configuration File System...
         Starting Apply Kernel Variables...
[[0;32m  OK  [0m] Mounted FUSE Control File System.
[[0;32m  OK  [0m] Mounted Kernel Configuration File System.
[[0;32m  OK  [0m] Started LVM2 metadata daemon.
[[0;32m  OK  [0m] Started Uncomplicated firewall.
[[0;32m  OK  [0m] Started Create list of required sta…vice nodes for the current kernel.
         Starting Create Static Device Nodes in /dev...
[[0;32m  OK  [0m] Started File System Check Daemon to report status.
[[0;32m  OK  [0m] Started udev Coldplug all Devices.
[[0;32m  OK  [0m] Started Create Static Device Nodes in /dev.
[[0;32m  OK  [0m] Started Apply Kernel Variables.
[[0;32m  OK  [0m] Started Monitoring of LVM2 mirrors,…sing dmeventd or progress polling.
[[0;32m  OK  [0m] Started File System Check on Root Device.
         Starting Remount Root and Kernel File Systems...
[[0;32m  OK  [0m] Started Remount Root and Kernel File Systems.
         Starting Flush Journal to Persistent Storage...
         Starting Load/Save Random Seed...
         Starting udev Kernel Device Manager...
[[0;32m  OK  [0m] Started Load/Save Random Seed.
[[0;32m  OK  [0m] Started Set the console keyboard layout.
[[0;32m  OK  [0m] Reached target Local File Systems (Pre).
[[0;32m  OK  [0m] Reached target Local File Systems.
         Starting AppArmor initialization...
         Starting Tell Plymouth To Write Out Runtime Data...
         Starting Set console font and keymap...
         Starting Commit a transient machine-id on disk...
         Starting ebtables ruleset management...
[[0;32m  OK  [0m] Started udev Kernel Device Manager.
[[0;32m  OK  [0m] Started Dispatch Password Requests to Console Directory Watch.
[[0;32m  OK  [0m] Reached target Local Encrypted Volumes.
[[0;32m  OK  [0m] Started Tell Plymouth To Write Out Runtime Data.
[[0;32m  OK  [0m] Started Set console font and keymap.
[[0;32m  OK  [0m] Started Flush Journal to Persistent Storage.
         Starting Create Volatile Files and Directories...
[[0;32m  OK  [0m] Started Commit a transient machine-id on disk.
[[0;32m  OK  [0m] Started Create Volatile Files and Directories.
         Starting Update UTMP about System Boot/Shutdown...
[[0;32m  OK  [0m] Started Update UTMP about System Boot/Shutdown.
[[0;32m  OK  [0m] Started ebtables ruleset management.
[[0;32m  OK  [0m] Found device /dev/ttyS0.
[[0;32m  OK  [0m] Listening on Load/Save RF Kill Switch Status /dev/rfkill Watch.
[[0;32m  OK  [0m] Started AppArmor initialization.
         Starting Load AppArmor profiles managed internally by snapd...
         Starting Initial cloud-init job (pre-networking)...
[[0;32m  OK  [0m] Started Load AppArmor profiles managed internally by snapd.
[    8.274819] cloud-init[575]: Cloud-init v. 21.2-3-g899bfaa9-0ubuntu2~18.04.1 running 'init-local' at Sat, 07 Aug 2021 14:22:53 +0000. Up 8.01 seconds.
[[0;32m  OK  [0m] Started Initial cloud-init job (pre-networking).
[[0;32m  OK  [0m] Reached target Network (Pre).
         Starting Network Service...
[[0;32m  OK  [0m] Started Network Service.
         Starting Network Name Resolution...
         Starting Wait for Network to be Configured...
[[0;32m  OK  [0m] Started Network Name Resolution.
[[0;32m  OK  [0m] Reached target Host and Network Name Lookups.
[[0;32m  OK  [0m] Reached target Network.
[[0;32m  OK  [0m] Started Wait for Network to be Configured.
         Starting Initial cloud-init job (metadata service crawler)...
[    9.843427] cloud-init[696]: Cloud-init v. 21.2-3-g899bfaa9-0ubuntu2~18.04.1 running 'init' at Sat, 07 Aug 2021 14:22:55 +0000. Up 9.74 seconds.
[    9.844624] cloud-init[696]: ci-info: ++++++++++++++++++++++++++++++++++++++Net device info+++++++++++++++++++++++++++++++++++++++
[    9.845635] cloud-init[696]: ci-info: +--------+-------+----------------------------+---------------+--------+-------------------+
[    9.846671] cloud-init[696]: ci-info: | Device |   Up  |          Address           |      Mask     | Scope  |     Hw-Address    |
[    9.847839] cloud-init[696]: ci-info: +--------+-------+----------------------------+---------------+--------+-------------------+
[    9.848861] cloud-init[696]: ci-info: | enp0s3 |  True |         10.0.2.15          | 255.255.255.0 | global | 02:2a:e1:ea:70:72 |
[    9.849910] cloud-init[696]: ci-info: | enp0s3 |  True | fe80::2a:e1ff:feea:7072/64 |       .       |  link  | 02:2a:e1:ea:70:72 |
[    9.850965] cloud-init[696]: ci-info: | enp0s8 | False |             .              |       .       |   .    | 08:00:27:49:5b:74 |
[    9.851983] cloud-init[696]: ci-info: |   lo   |  True |         127.0.0.1          |   255.0.0.0   |  host  |         .         |
[    9.853011] cloud-init[696]: ci-info: |   lo   |  True |          ::1/128           |       .       |  host  |         .         |
[    9.853993] cloud-init[696]: ci-info: +--------+-------+----------------------------+---------------+--------+-------------------+
[    9.854975] cloud-init[696]: ci-info: ++++++++++++++++++++++++++++Route IPv4 info+++++++++++++++++++++++++++++
[    9.855812] cloud-init[696]: ci-info: +-------+-------------+----------+-----------------+-----------+-------+
[    9.856672] cloud-init[696]: ci-info: | Route | Destination | Gateway  |     Genmask     | Interface | Flags |
[    9.857521] cloud-init[696]: ci-info: +-------+-------------+----------+-----------------+-----------+-------+
[    9.858375] cloud-init[696]: ci-info: |   0   |   0.0.0.0   | 10.0.2.2 |     0.0.0.0     |   enp0s3  |   UG  |
[    9.859243] cloud-init[696]: ci-info: |   1   |   10.0.2.0  | 0.0.0.0  |  255.255.255.0  |   enp0s3  |   U   |
[    9.860105] cloud-init[696]: ci-info: |   2   |   10.0.2.2  | 0.0.0.0  | 255.255.255.255 |   enp0s3  |   UH  |
[    9.860994] cloud-init[696]: ci-info: +-------+-------------+----------+-----------------+-----------+-------+
[    9.861842] cloud-init[696]: ci-info: +++++++++++++++++++Route IPv6 info+++++++++++++++++++
[    9.862527] cloud-init[696]: ci-info: +-------+-------------+---------+-----------+-------+
[    9.863250] cloud-init[696]: ci-info: | Route | Destination | Gateway | Interface | Flags |
[    9.863970] cloud-init[696]: ci-info: +-------+-------------+---------+-----------+-------+
[    9.864723] cloud-init[696]: ci-info: |   1   |  fe80::/64  |    ::   |   enp0s3  |   U   |
[    9.865439] cloud-init[696]: ci-info: |   3   |    local    |    ::   |   enp0s3  |   U   |
[    9.866155] cloud-init[696]: ci-info: |   4   |   ff00::/8  |    ::   |   enp0s3  |   U   |
[    9.866882] cloud-init[696]: ci-info: +-------+-------------+---------+-----------+-------+
[   10.459840] cloud-init[696]: Generating public/private rsa key pair.
[   10.460663] cloud-init[696]: Your identification has been saved in /etc/ssh/ssh_host_rsa_key.
[   10.461664] cloud-init[696]: Your public key has been saved in /etc/ssh/ssh_host_rsa_key.pub.
[   10.462627] cloud-init[696]: The key fingerprint is:
[   10.463206] cloud-init[696]: SHA256:Mk1oDkTHdtHqu7HbESRv70HZiIjxjgouMD+Yc+ASH1Q root@ubuntu-bionic
[   10.464242] cloud-init[696]: The key's randomart image is:
[   10.464876] cloud-init[696]: +---[RSA 2048]----+
[   10.465424] cloud-init[696]: |   .o.. .o       |
[   10.465974] cloud-init[696]: |   .E.o.. .      |
[   10.466516] cloud-init[696]: |   ...+.o..      |
[   10.467057] cloud-init[696]: |  .  + *.= . +   |
[   10.467608] cloud-init[696]: | .    =.S = + .  |
[   10.468158] cloud-init[696]: |= .    =.. +     |
[   10.468726] cloud-init[696]: |oO..  . o.. o    |
[   10.469283] cloud-init[696]: |*o=. .  .+ o .   |
[   10.469839] cloud-init[696]: |.+...   +o. .    |
[   10.470399] cloud-init[696]: +----[SHA256]-----+
[   10.470982] cloud-init[696]: Generating public/private dsa key pair.
[   10.471741] cloud-init[696]: Your identification has been saved in /etc/ssh/ssh_host_dsa_key.
[   10.472754] cloud-init[696]: Your public key has been saved in /etc/ssh/ssh_host_dsa_key.pub.
[   10.473790] cloud-init[696]: The key fingerprint is:
[   10.474387] cloud-init[696]: SHA256:kTO7gWO4p3vRXv6Cn8awMEXRFaib+A3SaXsuRqewPBY root@ubuntu-bionic
[   10.475411] cloud-init[696]: The key's randomart image is:
[   10.476109] cloud-init[696]: +---[DSA 1024]----+
[   10.476673] cloud-init[696]: |        .o oo.   |
[   10.477242] cloud-init[696]: |        ..o      |
[   10.477807] cloud-init[696]: |       .=.       |
[   10.478363] cloud-init[696]: |     . .o=       |
[   10.478928] cloud-init[696]: |    . +=S+       |
[   10.479483] cloud-init[696]: |     oE.@oo      |
[   10.480133] cloud-init[696]: |    ...&.&       |
[   10.480695] cloud-init[696]: |     o* X B.     |
[   10.481254] cloud-init[696]: |    o+ o *+o.    |
[   10.481812] cloud-init[696]: +----[SHA256]-----+
[   10.482364] cloud-init[696]: Generating public/private ecdsa key pair.
[   10.483110] cloud-init[696]: Your identification has been saved in /etc/ssh/ssh_host_ecdsa_key.
[   10.484120] cloud-init[696]: Your public key has been saved in /etc/ssh/ssh_host_ecdsa_key.pub.
[   10.485114] cloud-init[696]: The key fingerprint is:
[   10.485691] cloud-init[696]: SHA256:5W+QFrophh12L/f8PYUxjD/xpEtx8sdnodkRM4CNXVY root@ubuntu-bionic
[   10.486732] cloud-init[696]: The key's randomart image is:
[   10.487380] cloud-init[696]: +---[ECDSA 256]---+
[   10.487955] cloud-init[696]: |            =.ooE|
[   10.488553] cloud-init[696]: |           o o.+ |
[   10.489138] cloud-init[696]: |          o  o  +|
[   10.489702] cloud-init[696]: |         + o. Boo|
[   10.490272] cloud-init[696]: |      o S =  .+#o|
[   10.490831] cloud-init[696]: |     + o = o o*.O|
[   10.491388] cloud-init[696]: |    . + + o o. ++|
[   10.491963] cloud-init[696]: |     . . o +  .o |
[   10.492536] cloud-init[696]: |            o.. o|
[   10.493108] cloud-init[696]: +----[SHA256]-----+
[   10.493661] cloud-init[696]: Generating public/private ed25519 key pair.
[   10.494437] cloud-init[696]: Your identification has been saved in /etc/ssh/ssh_host_ed25519_key.
[   10.495432] cloud-init[696]: Your public key has been saved in /etc/ssh/ssh_host_ed25519_key.pub.
[   10.496499] cloud-init[696]: The key fingerprint is:
[   10.497113] cloud-init[696]: SHA256:t3LqKl+A1twGS1gBzY8tFzGqfMkmZDDe/qzhPmcUhwc root@ubuntu-bionic
[   10.498125] cloud-init[696]: The key's randomart image is:
[   10.498790] cloud-init[696]: +--[ED25519 256]--+
[   10.499358] cloud-init[696]: |  o .+o.o.       |
[   10.499952] cloud-init[696]: | . + oE...       |
[   10.500520] cloud-init[696]: |  . = +* .       |
[   10.501086] cloud-init[696]: |   = B==*        |
[   10.501649] cloud-init[696]: |    B X*S .      |
[   10.502194] cloud-init[696]: |   . *.o . .     |
[   10.502774] cloud-init[696]: |    ..o o o      |
[   10.503338] cloud-init[696]: |   .ooo. +       |
[   10.503952] cloud-init[696]: |   .+*ooo        |
[   10.504561] cloud-init[696]: +----[SHA256]-----+
[[0;32m  OK  [0m] Started Initial cloud-init job (metadata service crawler).
[[0;32m  OK  [0m] Reached target Cloud-config availability.
[[0;32m  OK  [0m] Reached target Network is Online.
[[0;32m  OK  [0m] Reached target Remote File Systems (Pre).
[[0;32m  OK  [0m] Reached target Remote File Systems.
         Starting Availability of block devices...
[[0;32m  OK  [0m] Reached target System Initialization.
[[0;32m  OK  [0m] Listening on ACPID Listen Socket.
[[0;32m  OK  [0m] Started Daily Cleanup of Temporary Directories.
[[0;32m  OK  [0m] Listening on UUID daemon activation socket.
[[0;32m  OK  [0m] Started Ubuntu Advantage update messaging.
[[0;32m  OK  [0m] Started Discard unused blocks once a week.
         Starting Socket activation for snappy daemon.
[[0;32m  OK  [0m] Listening on D-Bus System Message Bus Socket.
[[0;32m  OK  [0m] Listening on Open-iSCSI iscsid Socket.
[[0;32m  OK  [0m] Started Message of the Day.
[[0;32m  OK  [0m] Started Daily apt download activities.
[[0;32m  OK  [0m] Started Daily apt upgrade and clean activities.
[[0;32m  OK  [0m] Reached target Timers.
[[0;32m  OK  [0m] Started ACPI Events Check.
         Starting LXD - unix socket.
[[0;32m  OK  [0m] Reached target Paths.
[[0;32m  OK  [0m] Started Availability of block devices.
[[0;32m  OK  [0m] Listening on Socket activation for snappy daemon.
[[0;32m  OK  [0m] Listening on LXD - unix socket.
[[0;32m  OK  [0m] Reached target Sockets.
[[0;32m  OK  [0m] Reached target Basic System.
[[0;32m  OK  [0m] Started FUSE filesystem for LXC.
[[0;32m  OK  [0m] Started Regular background program processing daemon.
         Starting LSB: automatic crash report generation...
         Starting Accounts Service...
         Starting System Logging Service...
[[0;32m  OK  [0m] Started D-Bus System Message Bus.
         Starting Login Service...
         Starting Pollinate to seed the pseudo random number generator...
         Starting Dispatcher daemon for systemd-networkd...
[[0;32m  OK  [0m] Started irqbalance daemon.
         Starting LXD - container startup/shutdown...
         Starting Permit User Sessions...
         Starting LSB: Record successful boot for GRUB...
[[0;32m  OK  [0m] Started Deferred execution scheduler.
         Starting Snap Daemon...
         Starting Virtualbox guest utils...
[[0;32m  OK  [0m] Started System Logging Service.
[[0;32m  OK  [0m] Started Permit User Sessions.
[[0;32m  OK  [0m] Started Login Service.
[[0;32m  OK  [0m] Started Unattended Upgrades Shutdown.
         Starting Hold until boot process finishes up...
         Starting Terminate Plymouth Boot Screen...
         Starting Authorization Manager...
[[0;32m  OK  [0m] Started Hold until boot process finishes up.
[[0;32m  OK  [0m] Started Serial Getty on ttyS0.
         Starting Set console scheme...
[[0;32m  OK  [0m] Started Terminate Plymouth Boot Screen.
[[0;32m  OK  [0m] Started LSB: automatic crash report generation.
[[0;32m  OK  [0m] Started Authorization Manager.
[[0;32m  OK  [0m] Started Accounts Service.
[[0;32m  OK  [0m] Started LSB: Record successful boot for GRUB.
[[0;32m  OK  [0m] Started Set console scheme.
[[0;32m  OK  [0m] Created slice system-getty.slice.
[[0;32m  OK  [0m] Started Getty on tty1.
[[0;32m  OK  [0m] Reached target Login Prompts.
[[0;32m  OK  [0m] Started LXD - container startup/shutdown.
[[0;32m  OK  [0m] Started Virtualbox guest utils.
[[0;32m  OK  [0m] Started Dispatcher daemon for systemd-networkd.
[[0;32m  OK  [0m] Started Snap Daemon.
         Starting Wait until snapd is fully seeded...
[[0;32m  OK  [0m] Started Pollinate to seed the pseudo random number generator.
         Starting OpenBSD Secure Shell server...
[[0;32m  OK  [0m] Started OpenBSD Secure Shell server.
[[0;32m  OK  [0m] Created slice User Slice of vagrant.
         Starting User Manager for UID 1000...
[[0;32m  OK  [0m] Started Session 1 of user vagrant.
[[0;32m  OK  [0m] Started User Manager for UID 1000.
         Stopping User Manager for UID 1000...
[[0;32m  OK  [0m] Stopped User Manager for UID 1000.
[[0;32m  OK  [0m] Removed slice User Slice of vagrant.
[[0;32m  OK  [0m] Created slice User Slice of vagrant.
         Starting User Manager for UID 1000...
[[0;32m  OK  [0m] Started Session 3 of user vagrant.
[[0;32m  OK  [0m] Started User Manager for UID 1000.

Ubuntu 18.04.5 LTS ubuntu-bionic ttyS0

ubuntu-bionic login: [   20.733524] cloud-init[2169]: Cloud-init v. 21.2-3-g899bfaa9-0ubuntu2~18.04.1 running 'modules:config' at Sat, 07 Aug 2021 14:23:06 +0000. Up 20.42 seconds.
ci-info: no authorized SSH keys fingerprints found for user ubuntu.
<14>Aug  7 14:23:07 cloud-init: #############################################################
<14>Aug  7 14:23:07 cloud-init: -----BEGIN SSH HOST KEY FINGERPRINTS-----
<14>Aug  7 14:23:07 cloud-init: 1024 SHA256:kTO7gWO4p3vRXv6Cn8awMEXRFaib+A3SaXsuRqewPBY root@ubuntu-bionic (DSA)
<14>Aug  7 14:23:07 cloud-init: 256 SHA256:5W+QFrophh12L/f8PYUxjD/xpEtx8sdnodkRM4CNXVY root@ubuntu-bionic (ECDSA)
<14>Aug  7 14:23:07 cloud-init: 256 SHA256:t3LqKl+A1twGS1gBzY8tFzGqfMkmZDDe/qzhPmcUhwc root@ubuntu-bionic (ED25519)
<14>Aug  7 14:23:07 cloud-init: 2048 SHA256:Mk1oDkTHdtHqu7HbESRv70HZiIjxjgouMD+Yc+ASH1Q root@ubuntu-bionic (RSA)
<14>Aug  7 14:23:07 cloud-init: -----END SSH HOST KEY FINGERPRINTS-----
<14>Aug  7 14:23:07 cloud-init: #############################################################
-----BEGIN SSH HOST KEY KEYS-----
ecdsa-sha2-nistp256 AAAAE2VjZHNhLXNoYTItbmlzdHAyNTYAAAAIbmlzdHAyNTYAAABBBNhjl5HF89WEQoPO3pVTymlGYTqHx2KWBu43sNyHIO3xiBJeMZlrYqWXA4LADQulNRsfa119bZIw0GooBHtW/IA= root@ubuntu-bionic
ssh-ed25519 AAAAC3NzaC1lZDI1NTE5AAAAIOua3Yir2rlqi7raPyuZEvHtv3AzcewhQ9isKE4SDrZW root@ubuntu-bionic
ssh-rsa AAAAB3NzaC1yc2EAAAADAQABAAABAQCx4fIm6rAJV2sx0zrW/1vvlYwwlNQwawhBXEstQvk3MXs8HgBbCm1hoA8zgWn+UNu4X/xhXtOB8u1S242H0ElyG6Yz9e+S2J/F+QI4ddmyyYJxmFyCcwmnWGwFIJxXjOVR6FBT1F74r6RtfX3v4JKsuXD6EaC71MDHH9cxvAKlYEe5K4YDKKKCfR3zyI7Zu3tFHYD5M5vf/CNIOmHSbbD3qU50l082WDnFQw1RxPl/jTQvFFm7yXLapaY1iRB7eHGGEp0CznybKfX0S+F/5NdJY2QArk+w012C//lb1aGj7oqjpMfJNDAU+/rgrd8j+l5/AxaXyh5JQGx7c06Ukmi/ root@ubuntu-bionic
-----END SSH HOST KEY KEYS-----
[   21.135420] cloud-init[2281]: Cloud-init v. 21.2-3-g899bfaa9-0ubuntu2~18.04.1 running 'modules:final' at Sat, 07 Aug 2021 14:23:06 +0000. Up 21.02 seconds.
[   21.137096] cloud-init[2281]: ci-info: no authorized SSH keys fingerprints found for user ubuntu.
[   21.137968] cloud-init[2281]: Cloud-init v. 21.2-3-g899bfaa9-0ubuntu2~18.04.1 finished at Sat, 07 Aug 2021 14:23:07 +0000. Datasource DataSourceNoCloud [seed=/dev/sdb][dsmode=net].  Up 21.12 seconds
[[0;32m  OK  [0m] Stopped Unattended Upgrades Shutdown.
[[0;32m  OK  [0m] Stopped target Host and Network Name Lookups.
[[0;32m  OK  [0m] Stopped target Timers.
[[0;32m  OK  [0m] Closed Load/Save RF Kill Switch Status /dev/rfkill Watch.
         Stopping Session 17 of user vagrant.
[[0;32m  OK  [0m] Stopped Daily Cleanup of Temporary Directories.
         Stopping Authorization Manager...
         Stopping Availability of block devices...
[[0;32m  OK  [0m] Stopped Ubuntu Advantage update messaging.
         Stopping User Manager for UID 1000...
[[0;32m  OK  [0m] Stopped target Cloud-init target.
[[0;32m  OK  [0m] Stopped Execute cloud user/final scripts.
[[0;32m  OK  [0m] Stopped Apply the settings specified in cloud-config.
[[0;32m  OK  [0m] Stopped target Cloud-config availability.
[[0;32m  OK  [0m] Stopped target Graphical Interface.
         Stopping Accounts Service...
[[0;32m  OK  [0m] Stopped Discard unused blocks once a week.
[[0;32m  OK  [0m] Stopped Message of the Day.
[[0;32m  OK  [0m] Stopped Daily apt upgrade and clean activities.
[[0;32m  OK  [0m] Stopped Daily apt download activities.
[[0;32m  OK  [0m] Stopped target System Time Synchronized.
[[0;32m  OK  [0m] Stopped target Multi-User System.
         Stopping Regular background program processing daemon...
         Stopping LSB: Record successful boot for GRUB...
[[0;32m  OK  [0m] Stopped Wait until snapd is fully seeded.
         Stopping LXD - container startup/shutdown...
         Stopping FUSE filesystem for LXC...
         Stopping System Logging Service...
         Stopping A high performance web server and a reverse proxy server...
         Stopping Virtualbox guest utils...
         Stopping D-Bus System Message Bus...
         Stopping OpenBSD Secure Shell server...
         Stopping Deferred execution scheduler...
         Stopping Dispatcher daemon for systemd-networkd...
         Stopping LSB: automatic crash report generation...
         Stopping irqbalance daemon...
[[0;32m  OK  [0m] Stopped target Login Prompts.
         Stopping Serial Getty on ttyS0...
         Stopping Getty on tty1...
         Stopping Docker Application Container Engine...
[[0;32m  OK  [0m] Stopped Regular background program processing daemon.
[[0;32m  OK  [0m] Stopped Dispatcher daemon for systemd-networkd.
[[0;32m  OK  [0m] Stopped Accounts Service.
[[0;32m  OK  [0m] Stopped irqbalance daemon.
[[0;32m  OK  [0m] Stopped Deferred execution scheduler.
[[0;32m  OK  [0m] Stopped System Logging Service.
[[0;32m  OK  [0m] Stopped D-Bus System Message Bus.
[[0;32m  OK  [0m] Stopped Session 17 of user vagrant.
[[0;32m  OK  [0m] Stopped Authorization Manager.
[[0;32m  OK  [0m] Unmounted /var/lib/lxcfs.
[[0;32m  OK  [0m] Stopped Serial Getty on ttyS0.
[[0;32m  OK  [0m] Stopped Getty on tty1.
[[0;32m  OK  [0m] Stopped OpenBSD Secure Shell server.
[[0;32m  OK  [0m] Stopped User Manager for UID 1000.
[[0;32m  OK  [0m] Stopped A high performance web server and a reverse proxy server.
[[0;32m  OK  [0m] Removed slice system-getty.slice.
[[0;32m  OK  [0m] Removed slice system-serial\x2dgetty.slice.
[[0;32m  OK  [0m] Removed slice User Slice of vagrant.
         Stopping Login Service...
         Stopping Permit User Sessions...
[[0;32m  OK  [0m] Stopped LXD - container startup/shutdown.
[[0;32m  OK  [0m] Stopped Permit User Sessions.
[[0;32m  OK  [0m] Stopped FUSE filesystem for LXC.
[[0;32m  OK  [0m] Stopped Availability of block devices.
[[0;32m  OK  [0m] Stopped Login Service.
[[0;32m  OK  [0m] Stopped target User and Group Name Lookups.
[[0;32m  OK  [0m] Stopped LSB: Record successful boot for GRUB.
[[0;32m  OK  [0m] Stopped LSB: automatic crash report generation.
[[0;32m  OK  [0m] Stopped target Remote File Systems.
         Unmounting /vagrant...
[[0;32m  OK  [0m] Stopped Virtualbox guest utils.
[[0;32m  OK  [0m] Unmounted /vagrant.
[[0;32m  OK  [0m] Stopped target Remote File Systems (Pre).
[[0m[0;31m*     [0m] A stop job is running for Docker Ap…n Container Engine (5s / no limit)[K[[0;1;31m*[0m[0;31m*    [0m] A stop job is running for Docker Ap…n Container Engine (5s / no limit)[K[[0;31m*[0;1;31m*[0m[0;31m*   [0m] A stop job is running for Docker Ap…n Container Engine (6s / no limit)[K[ [0;31m*[0;1;31m*[0m[0;31m*  [0m] A stop job is running for Docker Ap…n Container Engine (6s / no limit)[K[  [0;31m*[0;1;31m*[0m[0;31m* [0m] A stop job is running for Docker Ap…n Container Engine (7s / no limit)[K[   [0;31m*[0;1;31m*[0m[0;31m*[0m] A stop job is running for Docker Ap…n Container Engine (7s / no limit)[K[    [0;31m*[0;1;31m*[0m] A stop job is running for Docker Ap…n Container Engine (8s / no limit)[K[     [0;31m*[0m] A stop job is running for Docker Ap…n Container Engine (8s / no limit)[K[    [0;31m*[0;1;31m*[0m] A stop job is running for Docker Ap…n Container Engine (9s / no limit)[K[   [0;31m*[0;1;31m*[0m[0;31m*[0m] A stop job is running for Docker Ap…n Container Engine (9s / no limit)[K[  [0;31m*[0;1;31m*[0m[0;31m* [0m] A stop job is running for Docker Ap… Container Engine (10s / no limit)[K[[0;32m  OK  [0m] Unmounted /run/docker/netns/e30ad65a810f.
[[0;32m  OK  [0m] Unmounted /var/lib/docker/container…6c0b7928c69da5da127c91/mounts/shm.
[[0;32m  OK  [0m] Unmounted /var/lib/docker/overlay2/…e5650af9ad48ba43b6ec8a9fbb/merged.
[[0;32m  OK  [0m] Unmounted /run/docker/netns/c11e4cb34e21.
[[0;32m  OK  [0m] Unmounted /var/lib/docker/container…645ff26757c3aebde7e489/mounts/shm.
[[0;32m  OK  [0m] Unmounted /var/lib/docker/overlay2/…f8d53f43209ec4c4de49fa336d/merged.
[[0;32m  OK  [0m] Unmounted /run/docker/netns/ba3a6272117d.
[[0;32m  OK  [0m] Unmounted /var/lib/docker/container…85e8549ceba4206f79ff71/mounts/shm.
[[0;32m  OK  [0m] Unmounted /var/lib/docker/overlay2/…9c1004cbe5d75bab6af93ac68e/merged.
[[0;32m  OK  [0m] Stopped Docker Application Container Engine.
[[0;32m  OK  [0m] Stopped target Network is Online.
         Stopping containerd container runtime...
[[0;32m  OK  [0m] Stopped containerd container runtime.
[[0;32m  OK  [0m] Stopped target Network.
         Stopping Network Name Resolution...
[[0;32m  OK  [0m] Stopped target Basic System.
[[0;32m  OK  [0m] Stopped target Paths.
[[0;32m  OK  [0m] Stopped ACPI Events Check.
[[0;32m  OK  [0m] Stopped target Sockets.
[[0;32m  OK  [0m] Closed Syslog Socket.
[[0;32m  OK  [0m] Closed Open-iSCSI iscsid Socket.
[[0;32m  OK  [0m] Closed Docker Socket for the API.
[[0;32m  OK  [0m] Closed LXD - unix socket.
[[0;32m  OK  [0m] Closed UUID daemon activation socket.
[[0;32m  OK  [0m] Closed Socket activation for snappy daemon.
[[0;32m  OK  [0m] Closed ACPID Listen Socket.
[[0;32m  OK  [0m] Closed D-Bus System Message Bus Socket.
[[0;32m  OK  [0m] Stopped target Slices.
[[0;32m  OK  [0m] Removed slice User and Session Slice.
[[0;32m  OK  [0m] Stopped target System Initialization.
[[0;32m  OK  [0m] Stopped target Local Encrypted Volumes.
[[0;32m  OK  [0m] Stopped Forward Password Requests to Wall Directory Watch.
[[0;32m  OK  [0m] Stopped Dispatch Password Requests to Console Directory Watch.
[[0;32m  OK  [0m] Stopped Initial cloud-init job (metadata service crawler).
[[0;32m  OK  [0m] Stopped Commit a transient machine-id on disk.
         Stopping Load/Save Random Seed...
         Stopping Update UTMP about System Boot/Shutdown...
[[0;32m  OK  [0m] Stopped Network Name Resolution.
         Stopping Network Service...
[[0;32m  OK  [0m] Stopped Update UTMP about System Boot/Shutdown.
[[0;32m  OK  [0m] Stopped Create Volatile Files and Directories.
[[0;32m  OK  [0m] Stopped target Local File Systems.
         Unmounting /run/user/1000...
[[0;32m  OK  [0m] Stopped Load/Save Random Seed.
[[0;32m  OK  [0m] Unmounted /run/user/1000.
[[0;32m  OK  [0m] Reached target Unmount All Filesystems.
[[0;32m  OK  [0m] Stopped target Local File Systems (Pre).
[[0;32m  OK  [0m] Stopped Create Static Device Nodes in /dev.
         Stopping Monitoring of LVM2 mirrors…ng dmeventd or progress polling...
[[0;32m  OK  [0m] Stopped target Swap.
[[0;32m  OK  [0m] Stopped Network Service.
[[0;32m  OK  [0m] Stopped target Network (Pre).
[[0;32m  OK  [0m] Stopped Initial cloud-init job (pre-networking).
[[0;32m  OK  [0m] Stopped Remount Root and Kernel File Systems.
[[0;32m  OK  [0m] Stopped Apply Kernel Variables.
[[0;32m  OK  [0m] Stopped Load Kernel Modules.
[[0;32m  OK  [0m] Reached target Shutdown.
[[0;32m  OK  [0m] Reached target Final Step.
         Starting Power-Off...
[[0;32m  OK  [0m] Stopped Monitoring of LVM2 mirrors,…sing dmeventd or progress polling.
         Stopping LVM2 metadata daemon...
[[0;32m  OK  [0m] Stopped LVM2 metadata daemon.
[  818.698230] reboot: Power down
