[    0.000000] Linux version 4.15.0-151-generic (buildd@lgw01-amd64-042) (gcc version 7.5.0 (Ubuntu 7.5.0-3ubuntu1~18.04)) #157-Ubuntu SMP Fri Jul 9 23:07:57 UTC 2021 (Ubuntu 4.15.0-151.157-generic 4.15.18)
[    0.000000] Command line: BOOT_IMAGE=/boot/vmlinuz-4.15.0-151-generic root=LABEL=cloudimg-rootfs ro console=tty1 console=ttyS0
[    0.000000] KERNEL supported cpus:
[    0.000000]   Intel GenuineIntel
[    0.000000]   AMD AuthenticAMD
[    0.000000]   Centaur CentaurHauls
[    0.000000] x86/fpu: Supporting XSAVE feature 0x001: 'x87 floating point registers'
[    0.000000] x86/fpu: Supporting XSAVE feature 0x002: 'SSE registers'
[    0.000000] x86/fpu: Supporting XSAVE feature 0x004: 'AVX registers'
[    0.000000] x86/fpu: xstate_offset[2]:  576, xstate_sizes[2]:  256
[    0.000000] x86/fpu: Enabled xstate features 0x7, context size is 832 bytes, using 'standard' format.
[    0.000000] e820: BIOS-provided physical RAM map:
[    0.000000] BIOS-e820: [mem 0x0000000000000000-0x000000000009fbff] usable
[    0.000000] BIOS-e820: [mem 0x000000000009fc00-0x000000000009ffff] reserved
[    0.000000] BIOS-e820: [mem 0x00000000000f0000-0x00000000000fffff] reserved
[    0.000000] BIOS-e820: [mem 0x0000000000100000-0x000000003ffeffff] usable
[    0.000000] BIOS-e820: [mem 0x000000003fff0000-0x000000003fffffff] ACPI data
[    0.000000] BIOS-e820: [mem 0x00000000fec00000-0x00000000fec00fff] reserved
[    0.000000] BIOS-e820: [mem 0x00000000fee00000-0x00000000fee00fff] reserved
[    0.000000] BIOS-e820: [mem 0x00000000fffc0000-0x00000000ffffffff] reserved
[    0.000000] NX (Execute Disable) protection: active
[    0.000000] SMBIOS 2.5 present.
[    0.000000] DMI: innotek GmbH VirtualBox/VirtualBox, BIOS VirtualBox 12/01/2006
[    0.000000] Hypervisor detected: KVM
[    0.000000] e820: last_pfn = 0x3fff0 max_arch_pfn = 0x400000000
[    0.000000] MTRR: Disabled
[    0.000000] x86/PAT: MTRRs disabled, skipping PAT initialization too.
[    0.000000] CPU MTRRs all blank - virtualized system.
[    0.000000] x86/PAT: Configuration [0-7]: WB  WT  UC- UC  WB  WT  UC- UC  
[    0.000000] found SMP MP-table at [mem 0x0009fff0-0x0009ffff]
[    0.000000] Scanning 1 areas for low memory corruption
[    0.000000] RAMDISK: [mem 0x359d1000-0x36cdffff]
[    0.000000] ACPI: Early table checksum verification disabled
[    0.000000] ACPI: RSDP 0x00000000000E0000 000024 (v02 VBOX  )
[    0.000000] ACPI: XSDT 0x000000003FFF0030 00003C (v01 VBOX   VBOXXSDT 00000001 ASL  00000061)
[    0.000000] ACPI: FACP 0x000000003FFF00F0 0000F4 (v04 VBOX   VBOXFACP 00000001 ASL  00000061)
[    0.000000] ACPI: DSDT 0x000000003FFF0470 002325 (v02 VBOX   VBOXBIOS 00000002 INTL 20190509)
[    0.000000] ACPI: FACS 0x000000003FFF0200 000040
[    0.000000] ACPI: FACS 0x000000003FFF0200 000040
[    0.000000] ACPI: APIC 0x000000003FFF0240 00005C (v02 VBOX   VBOXAPIC 00000001 ASL  00000061)
[    0.000000] ACPI: SSDT 0x000000003FFF02A0 0001CC (v01 VBOX   VBOXCPUT 00000002 INTL 20190509)
[    0.000000] ACPI: Reserving FACP table memory at [mem 0x3fff00f0-0x3fff01e3]
[    0.000000] ACPI: Reserving DSDT table memory at [mem 0x3fff0470-0x3fff2794]
[    0.000000] ACPI: Reserving FACS table memory at [mem 0x3fff0200-0x3fff023f]
[    0.000000] ACPI: Reserving FACS table memory at [mem 0x3fff0200-0x3fff023f]
[    0.000000] ACPI: Reserving APIC table memory at [mem 0x3fff0240-0x3fff029b]
[    0.000000] ACPI: Reserving SSDT table memory at [mem 0x3fff02a0-0x3fff046b]
[    0.000000] No NUMA configuration found
[    0.000000] Faking a node at [mem 0x0000000000000000-0x000000003ffeffff]
[    0.000000] NODE_DATA(0) allocated [mem 0x3ffc5000-0x3ffeffff]
[    0.000000] kvm-clock: cpu 0, msr 0:3ff44001, primary cpu clock
[    0.000000] kvm-clock: Using msrs 4b564d01 and 4b564d00
[    0.000000] kvm-clock: using sched offset of 3289289706 cycles
[    0.000000] clocksource: kvm-clock: mask: 0xffffffffffffffff max_cycles: 0x1cd42e4dffb, max_idle_ns: 881590591483 ns
[    0.000000] Zone ranges:
[    0.000000]   DMA      [mem 0x0000000000001000-0x0000000000ffffff]
[    0.000000]   DMA32    [mem 0x0000000001000000-0x000000003ffeffff]
[    0.000000]   Normal   empty
[    0.000000]   Device   empty
[    0.000000] Movable zone start for each node
[    0.000000] Early memory node ranges
[    0.000000]   node   0: [mem 0x0000000000001000-0x000000000009efff]
[    0.000000]   node   0: [mem 0x0000000000100000-0x000000003ffeffff]
[    0.000000] Reserved but unavailable: 104 pages
[    0.000000] Initmem setup node 0 [mem 0x0000000000001000-0x000000003ffeffff]
[    0.000000] ACPI: PM-Timer IO Port: 0x4008
[    0.000000] IOAPIC[0]: apic_id 2, version 32, address 0xfec00000, GSI 0-23
[    0.000000] ACPI: INT_SRC_OVR (bus 0 bus_irq 0 global_irq 2 dfl dfl)
[    0.000000] ACPI: INT_SRC_OVR (bus 0 bus_irq 9 global_irq 9 low level)
[    0.000000] Using ACPI (MADT) for SMP configuration information
[    0.000000] smpboot: Allowing 2 CPUs, 0 hotplug CPUs
[    0.000000] PM: Registered nosave memory: [mem 0x00000000-0x00000fff]
[    0.000000] PM: Registered nosave memory: [mem 0x0009f000-0x0009ffff]
[    0.000000] PM: Registered nosave memory: [mem 0x000a0000-0x000effff]
[    0.000000] PM: Registered nosave memory: [mem 0x000f0000-0x000fffff]
[    0.000000] e820: [mem 0x40000000-0xfebfffff] available for PCI devices
[    0.000000] Booting paravirtualized kernel on KVM
[    0.000000] clocksource: refined-jiffies: mask: 0xffffffff max_cycles: 0xffffffff, max_idle_ns: 7645519600211568 ns
[    0.000000] random: get_random_bytes called from start_kernel+0x99/0x500 with crng_init=0
[    0.000000] setup_percpu: NR_CPUS:8192 nr_cpumask_bits:2 nr_cpu_ids:2 nr_node_ids:1
[    0.000000] percpu: Embedded 45 pages/cpu s147456 r8192 d28672 u1048576
[    0.000000] PV qspinlock hash table entries: 256 (order: 0, 4096 bytes)
[    0.000000] Built 1 zonelists, mobility grouping on.  Total pages: 257913
[    0.000000] Policy zone: DMA32
[    0.000000] Kernel command line: BOOT_IMAGE=/boot/vmlinuz-4.15.0-151-generic root=LABEL=cloudimg-rootfs ro console=tty1 console=ttyS0
[    0.000000] Memory: 982720K/1048120K available (12300K kernel code, 2483K rwdata, 4320K rodata, 2448K init, 2724K bss, 65400K reserved, 0K cma-reserved)
[    0.000000] SLUB: HWalign=64, Order=0-3, MinObjects=0, CPUs=2, Nodes=1
[    0.000000] Kernel/User page tables isolation: enabled
[    0.000000] ftrace: allocating 39460 entries in 155 pages
[    0.004000] Hierarchical RCU implementation.
[    0.004000] 	RCU restricting CPUs from NR_CPUS=8192 to nr_cpu_ids=2.
[    0.004000] 	Tasks RCU enabled.
[    0.004000] RCU: Adjusting geometry for rcu_fanout_leaf=16, nr_cpu_ids=2
[    0.004000] NR_IRQS: 524544, nr_irqs: 440, preallocated irqs: 16
[    0.004000] Console: colour VGA+ 80x25
[    0.004000] console [tty1] enabled
[    0.004000] console [ttyS0] enabled
[    0.004000] ACPI: Core revision 20170831
[    0.004000] ACPI: 2 ACPI AML tables successfully acquired and loaded
[    0.004000] APIC: Switch to symmetric I/O mode setup
[    0.004000] x2apic enabled
[    0.004000] Switched APIC routing to physical x2apic.
[    0.004000] ..TIMER: vector=0x30 apic1=0 pin1=2 apic2=-1 pin2=-1
[    0.004000] tsc: Detected 1190.400 MHz processor
[    0.004012] Calibrating delay loop (skipped) preset value.. 2380.80 BogoMIPS (lpj=4761600)
[    0.005049] pid_max: default: 32768 minimum: 301
[    0.005683] Security Framework initialized
[    0.006217] Yama: becoming mindful.
[    0.006696] AppArmor: AppArmor initialized
[    0.008023] Dentry cache hash table entries: 131072 (order: 8, 1048576 bytes)
[    0.008983] Inode-cache hash table entries: 65536 (order: 7, 524288 bytes)
[    0.009859] Mount-cache hash table entries: 2048 (order: 2, 16384 bytes)
[    0.010706] Mountpoint-cache hash table entries: 2048 (order: 2, 16384 bytes)
[    0.012249] Last level iTLB entries: 4KB 0, 2MB 0, 4MB 0
[    0.012923] Last level dTLB entries: 4KB 0, 2MB 0, 4MB 0, 1GB 0
[    0.013659] Spectre V1 : Mitigation: usercopy/swapgs barriers and __user pointer sanitization
[    0.014730] Spectre V2 : Mitigation: Full generic retpoline
[    0.016003] Spectre V2 : Spectre v2 / SpectreRSB mitigation: Filling RSB on context switch
[    0.017041] Speculative Store Bypass: Vulnerable
[    0.017694] MDS: Mitigation: Clear CPU buffers
[    0.018437] Freeing SMP alternatives memory: 36K
[    0.129177] smpboot: CPU0: Intel(R) Core(TM) i5-1035G1 CPU @ 1.00GHz (family: 0x6, model: 0x7e, stepping: 0x5)
[    0.130825] Performance Events: unsupported p6 CPU model 126 no PMU driver, software events only.
[    0.131966] Hierarchical SRCU implementation.
[    0.132088] NMI watchdog: Perf event create on CPU 0 failed with -2
[    0.132999] NMI watchdog: Perf NMI watchdog permanently disabled
[    0.133913] smp: Bringing up secondary CPUs ...
[    0.134670] x86: Booting SMP configuration:
[    0.135303] .... node  #0, CPUs:      #1
[    0.004000] kvm-clock: cpu 1, msr 0:3ff44041, secondary cpu clock
[    0.138717] smp: Brought up 1 node, 2 CPUs
[    0.138717] smpboot: Max logical packages: 1
[    0.140006] smpboot: Total of 2 processors activated (4761.60 BogoMIPS)
[    0.141073] devtmpfs: initialized
[    0.141073] x86/mm: Memory block size: 128MB
[    0.141329] evm: security.selinux
[    0.141849] evm: security.SMACK64
[    0.142372] evm: security.SMACK64EXEC
[    0.144004] evm: security.SMACK64TRANSMUTE
[    0.144630] evm: security.SMACK64MMAP
[    0.145191] evm: security.apparmor
[    0.145712] evm: security.ima
[    0.146181] evm: security.capability
[    0.146800] clocksource: jiffies: mask: 0xffffffff max_cycles: 0xffffffff, max_idle_ns: 7645041785100000 ns
[    0.148009] futex hash table entries: 512 (order: 3, 32768 bytes)
[    0.148861] pinctrl core: initialized pinctrl subsystem
[    0.150273] RTC time: 15:20:09, date: 08/07/21
[    0.151040] NET: Registered protocol family 16
[    0.152000] audit: initializing netlink subsys (disabled)
[    0.152000] audit: type=2000 audit(1628349613.983:1): state=initialized audit_enabled=0 res=1
[    0.156016] cpuidle: using governor ladder
[    0.156590] cpuidle: using governor menu
[    0.157150] ACPI: bus type PCI registered
[    0.157704] acpiphp: ACPI Hot Plug PCI Controller Driver version: 0.5
[    0.158608] PCI: Using configuration type 1 for base access
[    0.160830] HugeTLB registered 2.00 MiB page size, pre-allocated 0 pages
[    0.160923] ACPI: Added _OSI(Module Device)
[    0.160923] ACPI: Added _OSI(Processor Device)
[    0.161236] ACPI: Added _OSI(3.0 _SCP Extensions)
[    0.161861] ACPI: Added _OSI(Processor Aggregator Device)
[    0.164012] ACPI: Added _OSI(Linux-Dell-Video)
[    0.164609] ACPI: Added _OSI(Linux-Lenovo-NV-HDMI-Audio)
[    0.165295] ACPI: Added _OSI(Linux-HPI-Hybrid-Graphics)
[    0.166250] ACPI: Executed 1 blocks of module-level executable AML code
[    0.170356] ACPI: Interpreter enabled
[    0.170901] ACPI: (supports S0 S5)
[    0.171375] ACPI: Using IOAPIC for interrupt routing
[    0.172194] PCI: Using host bridge windows from ACPI; if necessary, use "pci=nocrs" and report a bug
[    0.173531] ACPI: Enabled 2 GPEs in block 00 to 07
[    0.178611] ACPI: PCI Root Bridge [PCI0] (domain 0000 [bus 00-ff])
[    0.179451] acpi PNP0A03:00: _OSC: OS supports [ASPM ClockPM Segments MSI]
[    0.180468] acpi PNP0A03:00: _OSC: not requesting OS control; OS requires [ExtendedConfig ASPM ClockPM MSI]
[    0.181756] acpi PNP0A03:00: fail to add MMCONFIG information, can't access extended PCI configuration space under this bridge.
[    0.184031] PCI host bridge to bus 0000:00
[    0.184643] pci_bus 0000:00: root bus resource [io  0x0000-0x0cf7 window]
[    0.185483] pci_bus 0000:00: root bus resource [io  0x0d00-0xffff window]
[    0.186387] pci_bus 0000:00: root bus resource [mem 0x000a0000-0x000bffff window]
[    0.187404] pci_bus 0000:00: root bus resource [mem 0x40000000-0xfdffffff window]
[    0.188006] pci_bus 0000:00: root bus resource [bus 00-ff]
[    0.190228] pci 0000:00:01.1: legacy IDE quirk: reg 0x10: [io  0x01f0-0x01f7]
[    0.192003] pci 0000:00:01.1: legacy IDE quirk: reg 0x14: [io  0x03f6]
[    0.192818] pci 0000:00:01.1: legacy IDE quirk: reg 0x18: [io  0x0170-0x0177]
[    0.193712] pci 0000:00:01.1: legacy IDE quirk: reg 0x1c: [io  0x0376]
[    0.204026] pci 0000:00:07.0: quirk: [io  0x4000-0x403f] claimed by PIIX4 ACPI
[    0.205086] pci 0000:00:07.0: quirk: [io  0x4100-0x410f] claimed by PIIX4 SMB
[    0.213107] ACPI: PCI Interrupt Link [LNKA] (IRQs 5 9 10 *11)
[    0.214189] ACPI: PCI Interrupt Link [LNKB] (IRQs 5 9 *10 11)
[    0.215061] ACPI: PCI Interrupt Link [LNKC] (IRQs 5 *9 10 11)
[    0.215892] ACPI: PCI Interrupt Link [LNKD] (IRQs 5 9 10 *11)
[    0.216347] SCSI subsystem initialized
[    0.216917] pci 0000:00:02.0: vgaarb: setting as boot VGA device
[    0.216917] pci 0000:00:02.0: vgaarb: VGA device added: decodes=io+mem,owns=io+mem,locks=none
[    0.217892] pci 0000:00:02.0: vgaarb: bridge control possible
[    0.220011] vgaarb: loaded
[    0.220438] ACPI: bus type USB registered
[    0.221059] usbcore: registered new interface driver usbfs
[    0.221770] usbcore: registered new interface driver hub
[    0.222455] usbcore: registered new device driver usb
[    0.223170] EDAC MC: Ver: 3.0.0
[    0.224157] PCI: Using ACPI for IRQ routing
[    0.224814] NetLabel: Initializing
[    0.225283] NetLabel:  domain hash size = 128
[    0.225853] NetLabel:  protocols = UNLABELED CIPSOv4 CALIPSO
[    0.226622] NetLabel:  unlabeled traffic allowed by default
[    0.227369] clocksource: Switched to clocksource kvm-clock
[    0.235165] VFS: Disk quotas dquot_6.6.0
[    0.235819] VFS: Dquot-cache hash table entries: 512 (order 0, 4096 bytes)
[    0.236739] AppArmor: AppArmor Filesystem Enabled
[    0.237368] pnp: PnP ACPI init
[    0.238574] pnp: PnP ACPI: found 3 devices
[    0.246699] clocksource: acpi_pm: mask: 0xffffff max_cycles: 0xffffff, max_idle_ns: 2085701024 ns
[    0.248087] NET: Registered protocol family 2
[    0.248855] TCP established hash table entries: 8192 (order: 4, 65536 bytes)
[    0.249810] TCP bind hash table entries: 8192 (order: 5, 131072 bytes)
[    0.251323] TCP: Hash tables configured (established 8192 bind 8192)
[    0.252202] UDP hash table entries: 512 (order: 2, 16384 bytes)
[    0.252958] UDP-Lite hash table entries: 512 (order: 2, 16384 bytes)
[    0.253809] NET: Registered protocol family 1
[    0.254420] pci 0000:00:00.0: Limiting direct PCI/PCI transfers
[    0.255220] pci 0000:00:01.0: Activating ISA DMA hang workarounds
[    0.256106] pci 0000:00:02.0: Video device with shadowed ROM at [mem 0x000c0000-0x000dffff]
[    0.257294] Unpacking initramfs...
[    0.486944] Freeing initrd memory: 19516K
[    0.487669] clocksource: tsc: mask: 0xffffffffffffffff max_cycles: 0x1128af0325d, max_idle_ns: 440795261011 ns
[    0.489081] platform rtc_cmos: registered platform RTC device (no PNP device found)
[    0.490104] Scanning for low memory corruption every 60 seconds
[    0.491422] Initialise system trusted keyrings
[    0.492103] Key type blacklist registered
[    0.492693] workingset: timestamp_bits=36 max_order=18 bucket_order=0
[    0.494219] zbud: loaded
[    0.495110] squashfs: version 4.0 (2009/01/31) Phillip Lougher
[    0.495992] fuse init (API version 7.26)
[    0.497842] Key type asymmetric registered
[    0.498432] Asymmetric key parser 'x509' registered
[    0.499094] Block layer SCSI generic (bsg) driver version 0.4 loaded (major 246)
[    0.500127] io scheduler noop registered
[    0.500664] io scheduler deadline registered
[    0.501251] io scheduler cfq registered (default)
[    0.502161] ACPI: AC Adapter [AC] (on-line)
[    0.502767] input: Power Button as /devices/LNXSYSTM:00/LNXPWRBN:00/input/input0
[    0.503902] ACPI: Power Button [PWRF]
[    0.504532] input: Sleep Button as /devices/LNXSYSTM:00/LNXSLPBN:00/input/input1
[    0.505489] ACPI: Sleep Button [SLPF]
[    0.506793] ACPI: Battery Slot [BAT0] (battery present)
[    0.507626] Serial: 8250/16550 driver, 32 ports, IRQ sharing enabled
[    0.529136] 00:02: ttyS0 at I/O 0x3f8 (irq = 4, base_baud = 115200) is a 16550A
[    0.531845] Linux agpgart interface v0.103
[    0.533570] loop: module loaded
[    0.534500] scsi host0: ata_piix
[    0.535066] scsi host1: ata_piix
[    0.535571] ata1: PATA max UDMA/33 cmd 0x1f0 ctl 0x3f6 bmdma 0xd000 irq 14
[    0.536471] ata2: PATA max UDMA/33 cmd 0x170 ctl 0x376 bmdma 0xd008 irq 15
[    0.537454] libphy: Fixed MDIO Bus: probed
[    0.538113] tun: Universal TUN/TAP device driver, 1.6
[    0.538994] PPP generic driver version 2.4.2
[    0.539713] ehci_hcd: USB 2.0 'Enhanced' Host Controller (EHCI) Driver
[    0.540589] ehci-pci: EHCI PCI platform driver
[    0.541206] ehci-platform: EHCI generic platform driver
[    0.541889] ohci_hcd: USB 1.1 'Open' Host Controller (OHCI) Driver
[    0.542660] ohci-pci: OHCI PCI platform driver
[    0.543243] ohci-platform: OHCI generic platform driver
[    0.543918] uhci_hcd: USB Universal Host Controller Interface driver
[    0.544803] i8042: PNP: PS/2 Controller [PNP0303:PS2K,PNP0f03:PS2M] at 0x60,0x64 irq 1,12
[    0.546283] serio: i8042 KBD port at 0x60,0x64 irq 1
[    0.547004] serio: i8042 AUX port at 0x60,0x64 irq 12
[    0.547792] mousedev: PS/2 mouse device common for all mice
[    0.549216] input: AT Translated Set 2 keyboard as /devices/platform/i8042/serio0/input/input2
[    0.551087] rtc_cmos rtc_cmos: rtc core: registered rtc_cmos as rtc0
[    0.552289] rtc_cmos rtc_cmos: alarms up to one day, 114 bytes nvram
[    0.553377] i2c /dev entries driver
[    0.554122] device-mapper: uevent: version 1.0.3
[    0.555166] device-mapper: ioctl: 4.37.0-ioctl (2017-09-20) initialised: dm-devel@redhat.com
[    0.556705] ledtrig-cpu: registered to indicate activity on CPUs
[    0.558121] NET: Registered protocol family 10
[    0.561927] Segment Routing with IPv6
[    0.562499] NET: Registered protocol family 17
[    0.563145] Key type dns_resolver registered
[    0.564042] mce: Using 0 MCE banks
[    0.564592] RAS: Correctable Errors collector initialized.
[    0.565399] sched_clock: Marking stable (564023706, 0)->(682475658, -118451952)
[    0.566877] registered taskstats version 1
[    0.567509] Loading compiled-in X.509 certificates
[    0.570129] Loaded X.509 cert 'Build time autogenerated kernel key: f57eddc348b36f7d35fd4232c73b07389449520d'
[    0.572112] Loaded X.509 cert 'Canonical Ltd. Live Patch Signing: 14df34d1a87cf37625abec039ef2bf521249b969'
[    0.574000] Loaded X.509 cert 'Canonical Ltd. Kernel Module Signing: 88f752e560a1e0737e31163a466ad7b70a850c19'
[    0.575454] zswap: loaded using pool lzo/zbud
[    0.578754] Key type big_key registered
[    0.579372] Key type trusted registered
[    0.581252] Key type encrypted registered
[    0.581876] AppArmor: AppArmor sha1 policy hashing enabled
[    0.582686] ima: No TPM chip found, activating TPM-bypass! (rc=-19)
[    0.583604] ima: Allocated hash algorithm: sha1
[    0.584310] evm: HMAC attrs: 0x1
[    0.585030]   Magic number: 1:400:335
[    0.585615] tty tty56: hash matches
[    0.586227] rtc_cmos rtc_cmos: setting system clock to 2021-08-07 15:20:10 UTC (1628349610)
[    0.587525] BIOS EDD facility v0.16 2004-Jun-25, 0 devices found
[    0.588442] EDD information not available.
[    0.730570] Freeing unused kernel image memory: 2448K
[    1.484245] Write protecting the kernel read-only data: 20480k
[    1.487409] Freeing unused kernel image memory: 2008K
[    1.488642] Freeing unused kernel image memory: 1824K
[    1.498530] x86/mm: Checked W+X mappings: passed, no W+X pages found.
[    1.500285] x86/mm: Checking user space page tables
[    1.505552] x86/mm: Checked W+X mappings: passed, no W+X pages found.
Loading, please wait...
starting version 237
[    1.555719] e1000: Intel(R) PRO/1000 Network Driver - version 7.3.21-k8-NAPI
[    1.556763] e1000: Copyright (c) 1999-2006 Intel Corporation.
[    1.560120] Fusion MPT base driver 3.04.20
[    1.560743] Copyright (c) 1999-2008 LSI Corporation
[    1.574894] AVX2 version of gcm_enc/dec engaged.
[    1.575644] AES CTR mode by8 optimization enabled
[    1.579988] Fusion MPT SPI Host driver 3.04.20
[    1.771439] input: ImExPS/2 Generic Explorer Mouse as /devices/platform/i8042/serio1/input/input4
[    1.930959] e1000 0000:00:03.0 eth0: (PCI:33MHz:32-bit) 02:2a:e1:ea:70:72
[    1.932089] e1000 0000:00:03.0 eth0: Intel(R) PRO/1000 Network Connection
[    1.934267] mptbase: ioc0: Initiating bringup
[    2.028418] ioc0: LSI53C1030 A0: Capabilities={Initiator}
[    2.272769] scsi host2: ioc0: LSI53C1030 A0, FwRev=00000000h, Ports=1, MaxQ=256, IRQ=20
[    2.441070] scsi 2:0:0:0: Direct-Access     VBOX     HARDDISK         1.0  PQ: 0 ANSI: 5
[    2.580039] scsi target2:0:0: Beginning Domain Validation
[    2.581893] scsi target2:0:0: Domain Validation skipping write tests
[    2.582796] scsi target2:0:0: Ending Domain Validation
[    2.583579] scsi target2:0:0: asynchronous
[    2.584556] scsi 2:0:1:0: Direct-Access     VBOX     HARDDISK         1.0  PQ: 0 ANSI: 5
[    2.807861] e1000 0000:00:08.0 eth1: (PCI:33MHz:32-bit) 08:00:27:8c:6f:6b
[    2.808930] e1000 0000:00:08.0 eth1: Intel(R) PRO/1000 Network Connection
[    2.810737] e1000 0000:00:08.0 enp0s8: renamed from eth1
[    2.816132] scsi target2:0:1: Beginning Domain Validation
[    2.817503] random: fast init done
[    2.818044] scsi target2:0:1: Domain Validation skipping write tests
[    2.818828] scsi target2:0:1: Ending Domain Validation
[    2.819543] scsi target2:0:1: asynchronous
[    2.822422] random: systemd-udevd: uninitialized urandom read (16 bytes read)
[    2.823361] random: systemd-udevd: uninitialized urandom read (16 bytes read)
[    2.824358] random: systemd-udevd: uninitialized urandom read (16 bytes read)
[    2.824381] sd 2:0:0:0: Attached scsi generic sg0 type 0
[    2.826702] sd 2:0:0:0: [sda] 83886080 512-byte logical blocks: (42.9 GB/40.0 GiB)
[    2.827765] sd 2:0:0:0: [sda] Write Protect is off
[    2.828534] sd 2:0:0:0: [sda] Incomplete mode parameter data
[    2.829275] sd 2:0:0:0: [sda] Assuming drive cache: write through
[    2.830190] sd 2:0:1:0: Attached scsi generic sg1 type 0
[    2.830977] sd 2:0:1:0: [sdb] 20480 512-byte logical blocks: (10.5 MB/10.0 MiB)
[    2.832194] sd 2:0:1:0: [sdb] Write Protect is off
[    2.833272] sd 2:0:1:0: [sdb] Incomplete mode parameter data
[    2.833308] e1000 0000:00:03.0 enp0s3: renamed from eth0
[    2.834255] sd 2:0:1:0: [sdb] Assuming drive cache: write through
[    2.844694]  sda: sda1
[    2.845615] sd 2:0:0:0: [sda] Attached SCSI disk
[    2.846403] sd 2:0:1:0: [sdb] Attached SCSI disk
Begin: Loading essential drivers ... [    4.248061] raid6: sse2x1   gen() 14847 MB/s
[    4.296058] raid6: sse2x1   xor()  8989 MB/s
[    4.344061] raid6: sse2x2   gen() 19191 MB/s
[    4.392094] raid6: sse2x2   xor() 12283 MB/s
[    4.440061] raid6: sse2x4   gen() 17988 MB/s
[    4.488057] raid6: sse2x4   xor() 11841 MB/s
[    4.536059] raid6: avx2x1   gen() 29265 MB/s
[    4.584091] raid6: avx2x1   xor() 15937 MB/s
[    4.632056] raid6: avx2x2   gen() 36604 MB/s
[    4.680059] raid6: avx2x2   xor() 23531 MB/s
[    4.728046] raid6: avx2x4   gen() 36085 MB/s
[    4.776054] raid6: avx2x4   xor() 21727 MB/s
[    4.776740] raid6: using algorithm avx2x2 gen() 36604 MB/s
[    4.777434] raid6: .... xor() 23531 MB/s, rmw enabled
[    4.778076] raid6: using avx2x2 recovery algorithm
[    4.779649] xor: automatically using best checksumming function   avx       
[    4.781446] async_tx: api initialized (async)
done.
Begin: Running /scripts/init-premount ... done.
Begin: Mounting root file system ... Begin: Running /scripts/local-top ... done.
Begin: Running /scripts/local-premount ... [    4.819479] Btrfs loaded, crc32c=crc32c-intel
Scanning for Btrfs filesystems
done.
Warning: fsck not present, so skipping root file system
[    4.844247] EXT4-fs (sda1): mounted filesystem with ordered data mode. Opts: (null)
done.
Begin: Running /scripts/local-bottom ... done.
Begin: Running /scripts/init-bottom ... done.
[    4.992433] ip_tables: (C) 2000-2006 Netfilter Core Team
[    4.998880] systemd[1]: systemd 237 running in system mode. (+PAM +AUDIT +SELINUX +IMA +APPARMOR +SMACK +SYSVINIT +UTMP +LIBCRYPTSETUP +GCRYPT +GNUTLS +ACL +XZ +LZ4 +SECCOMP +BLKID +ELFUTILS +KMOD -IDN2 +IDN -PCRE2 default-hierarchy=hybrid)
[    5.001696] systemd[1]: Detected virtualization oracle.
[    5.002385] systemd[1]: Detected architecture x86-64.

Welcome to [1mUbuntu 18.04.5 LTS[0m!

[    5.007208] systemd[1]: Set hostname to <ubuntu>.
[    5.009677] systemd[1]: Initializing machine ID from random generator.
[    5.010553] systemd[1]: Installed transient /etc/machine-id file.
[    5.263661] systemd[1]: Reached target System Time Synchronized.
[[0;32m  OK  [0m] Reached target System Time Synchronized.
[    5.266648] systemd[1]: Created slice System Slice.
[[0;32m  OK  [0m] Created slice System Slice.
[    5.267986] systemd[1]: Listening on Device-mapper event daemon FIFOs.
[[0;32m  OK  [0m] Listening on Device-mapper event daemon FIFOs.
[    5.269481] systemd[1]: Listening on Network Service Netlink Socket.
[[0;32m  OK  [0m] Listening on Network Service Netlink Socket.
[[0;32m  OK  [0m] Created slice system-serial\x2dgetty.slice.
[[0;32m  OK  [0m] Listening on LVM2 metadata daemon socket.
[[0;32m  OK  [0m] Started Forward Password Requests to Wall Directory Watch.
[[0;32m  OK  [0m] Listening on /dev/initctl Compatibility Named Pipe.
[[0;32m  OK  [0m] Listening on udev Control Socket.
[[0;32m  OK  [0m] Reached target Swap.
[[0;32m  OK  [0m] Reached target User and Group Name Lookups.
[[0;32m  OK  [0m] Listening on LVM2 poll daemon socket.
[[0;32m  OK  [0m] Listening on Journal Socket.
         Starting Monitoring of LVM2 mirrors…ng dmeventd or progress polling...
         Starting Load Kernel Modules...
         Starting Set the console keyboard layout...
         Starting Uncomplicated firewall...
[[0;32m  OK  [0m] Listening on Journal Audit Socket.
[[0;32m  OK  [0m] Listening on udev Kernel Socket.
         Starting udev Coldplug all Devices...
[[0;32m  OK  [0m] Listening on Journal Socket (/dev/log).
[[0;32m  OK  [0m] Created slice User and Session Slice.
[[0;32m  OK  [0m] Reached target Slices.
         Starting Create list of required st…ce nodes for the current kernel...
[[0;32m  OK  [0m] Listening on fsck to fsckd communication Socket.
         Starting File System Check on Root Device...
[[0;32m  OK  [0m] Listening on Syslog Socket.
         Starting Journal Service...
         Mounting POSIX Message Queue File System...
[[0;32m  OK  [0m] Set up automount Arbitrary Executab…rmats File System Automount Point.
[    5.305581] Loading iSCSI transport class v2.0-870.
[    5.310911] iscsi: registered transport (tcp)
[    5.325196] iscsi: registered transport (iser)
         Mounting Huge Pages File System...
         Mounting Kernel Debug File System...
[[0;32m  OK  [0m] Started Load Kernel Modules.
[[0;32m  OK  [0m] Started Uncomplicated firewall.
[[0;32m  OK  [0m] Started Create list of required sta…vice nodes for the current kernel.
[[0;32m  OK  [0m] Started File System Check Daemon to report status.
         Starting Create Static Device Nodes in /dev...
         Mounting FUSE Control File System...
         Starting Apply Kernel Variables...
         Mounting Kernel Configuration File System...
[[0;32m  OK  [0m] Started udev Coldplug all Devices.
[[0;32m  OK  [0m] Started LVM2 metadata daemon.
[[0;32m  OK  [0m] Started Journal Service.
[[0;32m  OK  [0m] Mounted FUSE Control File System.
[[0;32m  OK  [0m] Mounted Kernel Configuration File System.
[[0;32m  OK  [0m] Mounted POSIX Message Queue File System.
[[0;32m  OK  [0m] Mounted Huge Pages File System.
[[0;32m  OK  [0m] Mounted Kernel Debug File System.
[[0;32m  OK  [0m] Started Create Static Device Nodes in /dev.
[[0;32m  OK  [0m] Started File System Check on Root Device.
         Starting Remount Root and Kernel File Systems...
[[0;32m  OK  [0m] Started Apply Kernel Variables.
[[0;32m  OK  [0m] Started Monitoring of LVM2 mirrors,…sing dmeventd or progress polling.
[[0;32m  OK  [0m] Started Remount Root and Kernel File Systems.
         Starting Flush Journal to Persistent Storage...
         Starting Load/Save Random Seed...
         Starting udev Kernel Device Manager...
[[0;32m  OK  [0m] Started Load/Save Random Seed.
[[0;32m  OK  [0m] Started Set the console keyboard layout.
[[0;32m  OK  [0m] Reached target Local File Systems (Pre).
[[0;32m  OK  [0m] Reached target Local File Systems.
         Starting ebtables ruleset management...
         Starting Set console font and keymap...
         Starting AppArmor initialization...
         Starting Commit a transient machine-id on disk...
         Starting Tell Plymouth To Write Out Runtime Data...
[[0;32m  OK  [0m] Started udev Kernel Device Manager.
[[0;32m  OK  [0m] Started Dispatch Password Requests to Console Directory Watch.
[[0;32m  OK  [0m] Reached target Local Encrypted Volumes.
[[0;32m  OK  [0m] Started Set console font and keymap.
[[0;32m  OK  [0m] Started Tell Plymouth To Write Out Runtime Data.
[[0;32m  OK  [0m] Started Flush Journal to Persistent Storage.
         Starting Create Volatile Files and Directories...
[[0;32m  OK  [0m] Started Commit a transient machine-id on disk.
[[0;32m  OK  [0m] Started ebtables ruleset management.
[[0;32m  OK  [0m] Started Create Volatile Files and Directories.
[[0;32m  OK  [0m] Found device /dev/ttyS0.
         Starting Update UTMP about System Boot/Shutdown...
[[0;32m  OK  [0m] Started Update UTMP about System Boot/Shutdown.
[[0;32m  OK  [0m] Listening on Load/Save RF Kill Switch Status /dev/rfkill Watch.
[[0;32m  OK  [0m] Started AppArmor initialization.
         Starting Load AppArmor profiles managed internally by snapd...
         Starting Initial cloud-init job (pre-networking)...
[[0;32m  OK  [0m] Started Load AppArmor profiles managed internally by snapd.
[    7.168420] cloud-init[565]: Cloud-init v. 21.2-3-g899bfaa9-0ubuntu2~18.04.1 running 'init-local' at Sat, 07 Aug 2021 15:20:16 +0000. Up 6.90 seconds.
[[0;32m  OK  [0m] Started Initial cloud-init job (pre-networking).
[[0;32m  OK  [0m] Reached target Network (Pre).
         Starting Network Service...
[[0;32m  OK  [0m] Started Network Service.
         Starting Wait for Network to be Configured...
         Starting Network Name Resolution...
[[0;32m  OK  [0m] Started Network Name Resolution.
[[0;32m  OK  [0m] Reached target Host and Network Name Lookups.
[[0;32m  OK  [0m] Reached target Network.
[[0;32m  OK  [0m] Started Wait for Network to be Configured.
         Starting Initial cloud-init job (metadata service crawler)...
[    9.187342] cloud-init[679]: Cloud-init v. 21.2-3-g899bfaa9-0ubuntu2~18.04.1 running 'init' at Sat, 07 Aug 2021 15:20:18 +0000. Up 9.08 seconds.
[    9.188923] cloud-init[679]: ci-info: ++++++++++++++++++++++++++++++++++++++Net device info+++++++++++++++++++++++++++++++++++++++
[    9.190790] cloud-init[679]: ci-info: +--------+-------+----------------------------+---------------+--------+-------------------+
[    9.192340] cloud-init[679]: ci-info: | Device |   Up  |          Address           |      Mask     | Scope  |     Hw-Address    |
[    9.193622] cloud-init[679]: ci-info: +--------+-------+----------------------------+---------------+--------+-------------------+
[    9.194838] cloud-init[679]: ci-info: | enp0s3 |  True |         10.0.2.15          | 255.255.255.0 | global | 02:2a:e1:ea:70:72 |
[    9.196004] cloud-init[679]: ci-info: | enp0s3 |  True | fe80::2a:e1ff:feea:7072/64 |       .       |  link  | 02:2a:e1:ea:70:72 |
[    9.197188] cloud-init[679]: ci-info: | enp0s8 | False |             .              |       .       |   .    | 08:00:27:8c:6f:6b |
[    9.198362] cloud-init[679]: ci-info: |   lo   |  True |         127.0.0.1          |   255.0.0.0   |  host  |         .         |
[    9.199566] cloud-init[679]: ci-info: |   lo   |  True |          ::1/128           |       .       |  host  |         .         |
[    9.200897] cloud-init[679]: ci-info: +--------+-------+----------------------------+---------------+--------+-------------------+
[    9.202071] cloud-init[679]: ci-info: ++++++++++++++++++++++++++++Route IPv4 info+++++++++++++++++++++++++++++
[    9.203071] cloud-init[679]: ci-info: +-------+-------------+----------+-----------------+-----------+-------+
[    9.204150] cloud-init[679]: ci-info: | Route | Destination | Gateway  |     Genmask     | Interface | Flags |
[    9.205125] cloud-init[679]: ci-info: +-------+-------------+----------+-----------------+-----------+-------+
[    9.206139] cloud-init[679]: ci-info: |   0   |   0.0.0.0   | 10.0.2.2 |     0.0.0.0     |   enp0s3  |   UG  |
[    9.207114] cloud-init[679]: ci-info: |   1   |   10.0.2.0  | 0.0.0.0  |  255.255.255.0  |   enp0s3  |   U   |
[    9.208441] cloud-init[679]: ci-info: |   2   |   10.0.2.2  | 0.0.0.0  | 255.255.255.255 |   enp0s3  |   UH  |
[    9.211226] cloud-init[679]: ci-info: +-------+-------------+----------+-----------------+-----------+-------+
[    9.212279] cloud-init[679]: ci-info: +++++++++++++++++++Route IPv6 info+++++++++++++++++++
[    9.213178] cloud-init[679]: ci-info: +-------+-------------+---------+-----------+-------+
[    9.215317] cloud-init[679]: ci-info: | Route | Destination | Gateway | Interface | Flags |
[    9.216316] cloud-init[679]: ci-info: +-------+-------------+---------+-----------+-------+
[    9.217254] cloud-init[679]: ci-info: |   1   |  fe80::/64  |    ::   |   enp0s3  |   U   |
[    9.218183] cloud-init[679]: ci-info: |   3   |    local    |    ::   |   enp0s3  |   U   |
[    9.219374] cloud-init[679]: ci-info: |   4   |   ff00::/8  |    ::   |   enp0s3  |   U   |
[    9.221337] cloud-init[679]: ci-info: +-------+-------------+---------+-----------+-------+
[    9.733964] cloud-init[679]: Generating public/private rsa key pair.
[    9.734644] cloud-init[679]: Your identification has been saved in /etc/ssh/ssh_host_rsa_key.
[    9.735409] cloud-init[679]: Your public key has been saved in /etc/ssh/ssh_host_rsa_key.pub.
[    9.736194] cloud-init[679]: The key fingerprint is:
[    9.736671] cloud-init[679]: SHA256:eU/hf3D77FSa3akfXhSWyVvgdjQVE685ozz4+ddQXW4 root@ubuntu-bionic
[    9.737446] cloud-init[679]: The key's randomart image is:
[    9.737959] cloud-init[679]: +---[RSA 2048]----+
[    9.738392] cloud-init[679]: |              .=*|
[    9.738822] cloud-init[679]: |             ..oB|
[    9.739255] cloud-init[679]: |            . oB*|
[    9.739675] cloud-init[679]: |         . . o.+E|
[    9.740126] cloud-init[679]: |        S . o *++|
[    9.740555] cloud-init[679]: |         . = o.X=|
[    9.740988] cloud-init[679]: |          . = +=B|
[    9.741435] cloud-init[679]: |           . oo+*|
[    9.741895] cloud-init[679]: |            ooo=+|
[    9.742328] cloud-init[679]: +----[SHA256]-----+
[    9.742757] cloud-init[679]: Generating public/private dsa key pair.
[    9.743317] cloud-init[679]: Your identification has been saved in /etc/ssh/ssh_host_dsa_key.
[    9.744017] cloud-init[679]: Your public key has been saved in /etc/ssh/ssh_host_dsa_key.pub.
[    9.744786] cloud-init[679]: The key fingerprint is:
[    9.745246] cloud-init[679]: SHA256:Il0MkzrSE65bNeT7G3eBfuk44+D3nKxquaGacNFf3dE root@ubuntu-bionic
[    9.746018] cloud-init[679]: The key's randomart image is:
[    9.746505] cloud-init[679]: +---[DSA 1024]----+
[    9.746926] cloud-init[679]: |      o.         |
[    9.747350] cloud-init[679]: |    . o+       . |
[    9.747804] cloud-init[679]: |   o =  o     . E|
[    9.748248] cloud-init[679]: |  . *o+.   o . . |
[    9.748681] cloud-init[679]: |   oo++oS o o .  |
[    9.749114] cloud-init[679]: |  . .o.o o   o   |
[    9.749538] cloud-init[679]: |  .o.  .=.o +    |
[    9.749968] cloud-init[679]: |  .o . o+=+B .   |
[    9.750397] cloud-init[679]: |    o...=*+=*    |
[    9.750839] cloud-init[679]: +----[SHA256]-----+
[    9.751262] cloud-init[679]: Generating public/private ecdsa key pair.
[    9.751850] cloud-init[679]: Your identification has been saved in /etc/ssh/ssh_host_ecdsa_key.
[    9.752616] cloud-init[679]: Your public key has been saved in /etc/ssh/ssh_host_ecdsa_key.pub.
[    9.753342] cloud-init[679]: The key fingerprint is:
[    9.753786] cloud-init[679]: SHA256:ov/Mf0CcnWFB+cP3ist4rWCRsRwFwrK7HD58n4cAfBI root@ubuntu-bionic
[    9.754559] cloud-init[679]: The key's randomart image is:
[    9.755062] cloud-init[679]: +---[ECDSA 256]---+
[    9.755486] cloud-init[679]: |       .. .o+o   |
[    9.755923] cloud-init[679]: |      E .. .+    |
[    9.756369] cloud-init[679]: |     . + .o+ =   |
[    9.756794] cloud-init[679]: |      = ..+=o + .|
[    9.757229] cloud-init[679]: |      .=S.=    o.|
[    9.757669] cloud-init[679]: |     .o.. ..    .|
[    9.758098] cloud-init[679]: |    .+ o .oo o . |
[    9.758524] cloud-init[679]: |     .*o...== o  |
[    9.758956] cloud-init[679]: |      .++o=++o   |
[    9.759386] cloud-init[679]: +----[SHA256]-----+
[    9.759829] cloud-init[679]: Generating public/private ed25519 key pair.
[    9.760415] cloud-init[679]: Your identification has been saved in /etc/ssh/ssh_host_ed25519_key.
[    9.761171] cloud-init[679]: Your public key has been saved in /etc/ssh/ssh_host_ed25519_key.pub.
[    9.761907] cloud-init[679]: The key fingerprint is:
[    9.762354] cloud-init[679]: SHA256:bjhhaXVdusEl8DA/emyzXfAk7LWrC/+EjgNNpCYxcuM root@ubuntu-bionic
[    9.763103] cloud-init[679]: The key's randomart image is:
[    9.763591] cloud-init[679]: +--[ED25519 256]--+
[    9.764044] cloud-init[679]: |          +.. o  |
[    9.764479] cloud-init[679]: |     . =   O *   |
[    9.764907] cloud-init[679]: |      + = + O + o|
[    9.765339] cloud-init[679]: |       E + + = *.|
[    9.765767] cloud-init[679]: |      = S + * ..o|
[    9.766207] cloud-init[679]: |     o + . + +...|
[    9.766645] cloud-init[679]: |      o o .....o |
[    9.767090] cloud-init[679]: |       o   .= o  |
[    9.767559] cloud-init[679]: |           ..=o. |
[    9.768002] cloud-init[679]: +----[SHA256]-----+
[[0;32m  OK  [0m] Started Initial cloud-init job (metadata service crawler).
[[0;32m  OK  [0m] Reached target System Initialization.
[[0;32m  OK  [0m] Started Ubuntu Advantage update messaging.
[[0;32m  OK  [0m] Started Daily apt download activities.
[[0;32m  OK  [0m] Listening on Open-iSCSI iscsid Socket.
[[0;32m  OK  [0m] Started Discard unused blocks once a week.
[[0;32m  OK  [0m] Listening on ACPID Listen Socket.
[[0;32m  OK  [0m] Listening on UUID daemon activation socket.
         Starting Socket activation for snappy daemon.
         Starting LXD - unix socket.
[[0;32m  OK  [0m] Started ACPI Events Check.
[[0;32m  OK  [0m] Reached target Paths.
[[0;32m  OK  [0m] Started Daily apt upgrade and clean activities.
[[0;32m  OK  [0m] Listening on D-Bus System Message Bus Socket.
[[0;32m  OK  [0m] Started Message of the Day.
[[0;32m  OK  [0m] Started Daily Cleanup of Temporary Directories.
[[0;32m  OK  [0m] Reached target Timers.
[[0;32m  OK  [0m] Reached target Network is Online.
         Starting Availability of block devices...
[[0;32m  OK  [0m] Reached target Remote File Systems (Pre).
[[0;32m  OK  [0m] Reached target Remote File Systems.
[[0;32m  OK  [0m] Reached target Cloud-config availability.
[[0;32m  OK  [0m] Listening on Socket activation for snappy daemon.
[[0;32m  OK  [0m] Listening on LXD - unix socket.
[[0;32m  OK  [0m] Reached target Sockets.
[[0;32m  OK  [0m] Reached target Basic System.
[[0;32m  OK  [0m] Started FUSE filesystem for LXC.
         Starting System Logging Service...
[[0;32m  OK  [0m] Started irqbalance daemon.
         Starting Login Service...
         Starting LXD - container startup/shutdown...
         Starting LSB: automatic crash report generation...
         Starting Permit User Sessions...
         Starting LSB: Record successful boot for GRUB...
[[0;32m  OK  [0m] Started D-Bus System Message Bus.
[[0;32m  OK  [0m] Started Login Service.
[[0;32m  OK  [0m] Started Unattended Upgrades Shutdown.
[[0;32m  OK  [0m] Started Regular background program processing daemon.
[[0;32m  OK  [0m] Started Deferred execution scheduler.
         Starting Virtualbox guest utils...
         Starting Accounts Service...
         Starting Pollinate to seed the pseudo random number generator...
         Starting Dispatcher daemon for systemd-networkd...
         Starting Snap Daemon...
[[0;32m  OK  [0m] Started System Logging Service.
[[0;32m  OK  [0m] Started Availability of block devices.
[[0;32m  OK  [0m] Started Permit User Sessions.
         Starting Hold until boot process finishes up...
         Starting Terminate Plymouth Boot Screen...
[[0;32m  OK  [0m] Started Hold until boot process finishes up.
         Starting Set console scheme...
[[0;32m  OK  [0m] Started Serial Getty on ttyS0.
[[0;32m  OK  [0m] Started LXD - container startup/shutdown.
[[0;32m  OK  [0m] Started Terminate Plymouth Boot Screen.
[[0;32m  OK  [0m] Started Set console scheme.
[[0;32m  OK  [0m] Created slice system-getty.slice.
[[0;32m  OK  [0m] Started Getty on tty1.
[[0;32m  OK  [0m] Reached target Login Prompts.
[[0;32m  OK  [0m] Started LSB: automatic crash report generation.
[[0;32m  OK  [0m] Started LSB: Record successful boot for GRUB.
         Starting Authorization Manager...
[[0;32m  OK  [0m] Started Virtualbox guest utils.
[[0;32m  OK  [0m] Started Authorization Manager.
[[0;32m  OK  [0m] Started Accounts Service.
[[0;32m  OK  [0m] Started Dispatcher daemon for systemd-networkd.
[[0;32m  OK  [0m] Started Snap Daemon.
         Starting Wait until snapd is fully seeded...
[[0;32m  OK  [0m] Started Pollinate to seed the pseudo random number generator.
         Starting OpenBSD Secure Shell server...
[[0;32m  OK  [0m] Started OpenBSD Secure Shell server.
[[0;32m  OK  [0m] Created slice User Slice of vagrant.
         Starting User Manager for UID 1000...
[[0;32m  OK  [0m] Started Session 1 of user vagrant.
[[0;32m  OK  [0m] Started User Manager for UID 1000.
         Stopping User Manager for UID 1000...
[[0;32m  OK  [0m] Stopped User Manager for UID 1000.
[[0;32m  OK  [0m] Removed slice User Slice of vagrant.
[[0;32m  OK  [0m] Created slice User Slice of vagrant.
         Starting User Manager for UID 1000...
[[0;32m  OK  [0m] Started Session 3 of user vagrant.
[[0;32m  OK  [0m] Started User Manager for UID 1000.
[[0;32m  OK  [0m] Started Wait until snapd is fully seeded.
[[0;32m  OK  [0m] Reached target Multi-User System.
[[0;32m  OK  [0m] Reached target Graphical Interface.
         Starting Update UTMP about System Runlevel Changes...
         Starting Apply the settings specified in cloud-config...
[[0;32m  OK  [0m] Started Update UTMP about System Runlevel Changes.
[   15.532747] cloud-init[1568]: Cloud-init v. 21.2-3-g899bfaa9-0ubuntu2~18.04.1 running 'modules:config' at Sat, 07 Aug 2021 15:20:25 +0000. Up 15.24 seconds.
ci-info: no authorized SSH keys fingerprints found for user ubuntu.
<14>Aug  7 15:20:25 cloud-init: #############################################################
<14>Aug  7 15:20:25 cloud-init: -----BEGIN SSH HOST KEY FINGERPRINTS-----
<14>Aug  7 15:20:25 cloud-init: 1024 SHA256:Il0MkzrSE65bNeT7G3eBfuk44+D3nKxquaGacNFf3dE root@ubuntu-bionic (DSA)
<14>Aug  7 15:20:25 cloud-init: 256 SHA256:ov/Mf0CcnWFB+cP3ist4rWCRsRwFwrK7HD58n4cAfBI root@ubuntu-bionic (ECDSA)
<14>Aug  7 15:20:25 cloud-init: 256 SHA256:bjhhaXVdusEl8DA/emyzXfAk7LWrC/+EjgNNpCYxcuM root@ubuntu-bionic (ED25519)
<14>Aug  7 15:20:25 cloud-init: 2048 SHA256:eU/hf3D77FSa3akfXhSWyVvgdjQVE685ozz4+ddQXW4 root@ubuntu-bionic (RSA)
<14>Aug  7 15:20:25 cloud-init: -----END SSH HOST KEY FINGERPRINTS-----
<14>Aug  7 15:20:25 cloud-init: #############################################################
-----BEGIN SSH HOST KEY KEYS-----
ecdsa-sha2-nistp256 AAAAE2VjZHNhLXNoYTItbmlzdHAyNTYAAAAIbmlzdHAyNTYAAABBBGPc3whQG0z+yGvV3nPa5w0evIG5ykiOn2J7TLYwYhr/qq9YHrexzanLNI4oSvhAUOxZ774bzO9jYWsrcSzQ8ao= root@ubuntu-bionic
ssh-ed25519 AAAAC3NzaC1lZDI1NTE5AAAAIKPjs5b9GDeflOhUIeruJ7se2nBgtI0x3A6hvTPHu4Q5 root@ubuntu-bionic
ssh-rsa AAAAB3NzaC1yc2EAAAADAQABAAABAQC5JTNwlhAbw1AVr+ymGzMKH89fL5dit56Um8B7133CzruYB+XXWzGUCwhGIYzpxlnjIQTN/59WH34O5xq3LZgvzs0eUXHo8UVOjq30lct6GDW1MS/DdxAKYLrpGOQXEm6Xkcmf4h3IeOWLpIosCojuLcDE8XuJVQjOfM/vbjqjkFQSy97xzku3MHCrLGWzIZ/k2/YfHCptSXbIJSC5UWgvxXe9ZitQwn5M0Fix2Tw9xkj485He+rMUf8FsA8ACHCCUA/50U4bLq3g4vezxWsWY3w8DrU7zOco9GNJHABqFN4iLy1IWqnYOpoSGw+ll3UCa4ra+Q9WDtrIDFMKEVPd1 root@ubuntu-bionic
-----END SSH HOST KEY KEYS-----
[   16.006492] cloud-init[1683]: Cloud-init v. 21.2-3-g899bfaa9-0ubuntu2~18.04.1 running 'modules:final' at Sat, 07 Aug 2021 15:20:25 +0000. Up 15.88 seconds.
[   16.006578] cloud-init[1683]: ci-info: no authorized SSH keys fingerprints found for user ubuntu.
[   16.006810] cloud-init[1683]: Cloud-init v. 21.2-3-g899bfaa9-0ubuntu2~18.04.1 finished at Sat, 07 Aug 2021 15:20:25 +0000. Datasource DataSourceNoCloud [seed=/dev/sdb][dsmode=net].  Up 15.99 seconds

Ubuntu 18.04.5 LTS ubuntu-bionic ttyS0

ubuntu-bionic login: 